c:\sandbox\engine\x64\release\vc140.pdb
c:\sandbox\engine\x64\release\transform.obj
c:\sandbox\engine\x64\release\texture.obj
c:\sandbox\engine\x64\release\system.obj
c:\sandbox\engine\x64\release\sprite.obj
c:\sandbox\engine\x64\release\shader.obj
c:\sandbox\engine\x64\release\scripts.obj
c:\sandbox\engine\x64\release\render.obj
c:\sandbox\engine\x64\release\playground_level.obj
c:\sandbox\engine\x64\release\physics.obj
c:\sandbox\engine\x64\release\objects.obj
c:\sandbox\engine\x64\release\objectmanager.obj
c:\sandbox\engine\x64\release\main.obj
c:\sandbox\engine\x64\release\input.obj
c:\sandbox\engine\x64\release\gamestatemanager.obj
c:\sandbox\engine\x64\release\frametime.obj
c:\sandbox\engine\x64\release\engine.obj
c:\sandbox\engine\x64\release\strafebehavior.obj
c:\sandbox\engine\x64\release\randomrotationbehavior.obj
c:\sandbox\engine\x64\release\objloader.obj
c:\sandbox\engine\x64\release\controls.obj
c:\sandbox\engine\x64\release\engine.tlog\cl.command.1.tlog
c:\sandbox\engine\x64\release\engine.tlog\cl.read.1.tlog
c:\sandbox\engine\x64\release\engine.tlog\cl.write.1.tlog
c:\sandbox\engine\x64\release\engine.tlog\link.command.1.tlog
c:\sandbox\engine\x64\release\engine.tlog\link.read.1.tlog
c:\sandbox\engine\x64\release\engine.tlog\link.write.1.tlog
