Log file open, 09/14/17 21:53:19
LogWindows: LoadLibraryWithSearchPaths failed for file aqProf.dll. GetLastError=0
LogWindows: LoadLibraryWithSearchPaths failed for file VtuneApi.dll. GetLastError=0
LogWindows: LoadLibraryWithSearchPaths failed for file VtuneApi32e.dll. GetLastError=0
LogInit: Display: Running engine for game: MyProject
LogPlatformFile: Not using cached read wrapper
LogInit: Display: RandInit(-1040757571) SRandInit(-1040757571).
LogTaskGraph: Started task graph with 5 named threads and 14 total threads with 3 sets of task threads.
LogStats: Stats thread started at 0.262142
LogD3D11RHI: Aftermath initialized
LogPluginManager: Mounting plugin Paper2D
LogPluginManager: Mounting plugin LightPropagationVolume
LogPluginManager: Mounting plugin CodeLiteSourceCodeAccess
LogPluginManager: Mounting plugin GitSourceControl
LogPluginManager: Mounting plugin KDevelopSourceCodeAccess
LogPluginManager: Mounting plugin NullSourceCodeAccess
LogPluginManager: Mounting plugin PerforceSourceControl
LogPluginManager: Mounting plugin SubversionSourceControl
LogPluginManager: Mounting plugin UObjectPlugin
LogPluginManager: Mounting plugin VisualStudioSourceCodeAccess
LogPluginManager: Mounting plugin XCodeSourceCodeAccess
LogPluginManager: Mounting plugin AssetManagerEditor
LogPluginManager: Mounting plugin AudioCapture
LogPluginManager: Mounting plugin FacialAnimation
LogPluginManager: Mounting plugin GameplayTagsEditor
LogPluginManager: Mounting plugin MobileLauncherProfileWizard
LogPluginManager: Mounting plugin PluginBrowser
LogPluginManager: Mounting plugin SpeedTreeImporter
LogPluginManager: Mounting plugin AlembicImporter
LogPluginManager: Mounting plugin CharacterAI
LogPluginManager: Mounting plugin HTML5Networking
LogPluginManager: Mounting plugin AndroidMedia
LogPluginManager: Mounting plugin AvfMedia
LogPluginManager: Mounting plugin MediaPlayerEditor
LogPluginManager: Mounting plugin WmfMedia
LogPluginManager: Mounting plugin TcpMessaging
LogPluginManager: Mounting plugin UdpMessaging
LogPluginManager: Mounting plugin LevelSequenceEditor
LogPluginManager: Mounting plugin MatineeToLevelSequence
LogPluginManager: Mounting plugin OnlineSubsystemGooglePlay
LogPluginManager: Mounting plugin OnlineSubsystemIOS
LogPluginManager: Mounting plugin OnlineSubsystem
LogPluginManager: Mounting plugin OnlineSubsystemNull
LogPluginManager: Mounting plugin OnlineSubsystemUtils
LogPluginManager: Mounting plugin AndroidDeviceProfileSelector
LogPluginManager: Mounting plugin AndroidMoviePlayer
LogPluginManager: Mounting plugin AndroidPermission
LogPluginManager: Mounting plugin AppleMoviePlayer
LogPluginManager: Mounting plugin ArchVisCharacter
LogPluginManager: Mounting plugin CableComponent
LogPluginManager: Mounting plugin CustomMeshComponent
LogPluginManager: Mounting plugin ExampleDeviceProfileSelector
LogPluginManager: Mounting plugin GoogleCloudMessaging
LogPluginManager: Mounting plugin ImmediatePhysics
LogPluginManager: Mounting plugin IOSDeviceProfileSelector
LogPluginManager: Mounting plugin LinuxDeviceProfileSelector
LogPluginManager: Mounting plugin LocationServicesBPLibrary
LogPluginManager: Mounting plugin MobilePatchingUtils
LogPluginManager: Mounting plugin OculusVR
LogPluginManager: Mounting plugin PhysXVehicles
LogPluginManager: Mounting plugin ProceduralMeshComponent
LogPluginManager: Mounting plugin RuntimePhysXCooking
LogPluginManager: Mounting plugin SteamVR
LogPluginManager: Mounting plugin WindowsMoviePlayer
LogInit: Using libcurl 7.47.1
LogInit:  - built for x86_64-pc-win32
LogInit:  - supports SSL with OpenSSL/1.0.2g
LogInit:  - supports HTTP deflate (compression) using libz 1.2.8
LogInit:  - other features:
LogInit:      CURL_VERSION_SSL
LogInit:      CURL_VERSION_LIBZ
LogInit:      CURL_VERSION_IPV6
LogInit:      CURL_VERSION_ASYNCHDNS
LogInit:      CURL_VERSION_LARGEFILE
LogInit:      CURL_VERSION_IDN
LogInit:  CurlRequestOptions (configurable via config and command line):
LogInit:  - bVerifyPeer = false  - Libcurl will NOT verify peer certificate
LogInit:  - bUseHttpProxy = false  - Libcurl will NOT use HTTP proxy
LogInit:  - bDontReuseConnections = false  - Libcurl will reuse connections
LogInit:  - CertBundlePath = nullptr  - Libcurl will use whatever was configured at build time.
LogInit: Build: ++UE4+Release-4.17-CL-3586342
LogInit: Engine Version: 4.17.1-3586342+++UE4+Release-4.17
LogInit: Compatible Engine Version: 4.17.0-3573198+++UE4+Release-4.17
LogInit: Net CL: 3573198
LogDevObjectVersion: Number of dev versions registered: 16
LogDevObjectVersion:   Dev-Blueprints (B0D832E4-1F89-4F0D-ACCF-7EB736FD4AA2): 10
LogDevObjectVersion:   Dev-Build (E1C64328-A22C-4D53-A36C-8E866417BD8C): 0
LogDevObjectVersion:   Dev-Core (375EC13C-06E4-48FB-B500-84F0262A717E): 2
LogDevObjectVersion:   Dev-Editor (E4B068ED-F494-42E9-A231-DA0B2E46BB41): 20
LogDevObjectVersion:   Dev-Framework (CFFC743F-43B0-4480-9391-14DF171D2073): 28
LogDevObjectVersion:   Dev-Mobile (B02B49B5-BB20-44E9-A304-32B752E40360): 0
LogDevObjectVersion:   Dev-Networking (A4E4105C-59A1-49B5-A7C5-40C4547EDFEE): 0
LogDevObjectVersion:   Dev-Online (39C831C9-5AE6-47DC-9A44-9C173E1C8E7C): 0
LogDevObjectVersion:   Dev-Physics (78F01B33-EBEA-4F98-B9B4-84EACCB95AA2): 0
LogDevObjectVersion:   Dev-Platform (6631380F-2D4D-43E0-8009-CF276956A95A): 0
LogDevObjectVersion:   Dev-Rendering (12F88B9F-8875-4AFC-A67C-D90C383ABD29): 19
LogDevObjectVersion:   Dev-Sequencer (7B5AE74C-D270-4C10-A958-57980B212A5A): 4
LogDevObjectVersion:   Dev-VR (D7296918-1DD6-4BDD-9DE2-64A83CC13884): 0
LogDevObjectVersion:   Dev-LoadTimes (C2A15278-BFE7-4AFE-6C17-90FF531DF755): 1
LogDevObjectVersion:   Private-Geometry (6EACA3D4-40EC-4CC1-B786-8BED09428FC5): 1
LogDevObjectVersion:   Dev-AnimPhys (29E575DD-E0A3-4627-9D10-D276232CDCEA): 7
LogInit: Compiled (64-bit): Aug 15 2017 02:05:26
LogInit: Compiled with Visual C++: 19.00.24215.01
LogInit: Build Configuration: Development
LogInit: Branch Name: ++UE4+Release-4.17
LogInit: Command line:  
LogInit: Base directory: C:/Program Files/Epic Games/UE_4.17/Engine/Binaries/Win64/
LogInit: Installed Engine Build: 1
LogInit: Presizing for max 8388607 objects, including 0 objects not considered by GC, pre-allocating 0 bytes for permanent pool.
LogInit: Object subsystem initialized
[2017.09.15-04.53.23:710][  0]LogInit: Selected Device Profile: [Windows]
[2017.09.15-04.53.23:710][  0]LogInit: Applying CVar settings loaded from the selected device profile: [Windows]
[2017.09.15-04.53.24:029][  0]LogInit: Computer: SAWYER-PC
[2017.09.15-04.53.24:029][  0]LogInit: User: Sawyer
[2017.09.15-04.53.24:029][  0]LogInit: CPU Page size=4096, Cores=4
[2017.09.15-04.53.24:029][  0]LogInit: High frequency timer resolution =2.728059 MHz
[2017.09.15-04.53.24:091][  0]LogMemory: Memory total: Physical=7.9GB (8GB approx)
[2017.09.15-04.53.24:091][  0]LogMemory: Platform Memory Stats for Windows
[2017.09.15-04.53.24:091][  0]LogMemory: Process Physical Memory: 279.68 MB used, 279.68 MB peak
[2017.09.15-04.53.24:091][  0]LogMemory: Process Virtual Memory: 282.34 MB used, 282.34 MB peak
[2017.09.15-04.53.24:091][  0]LogMemory: Physical Memory: 7441.69 MB used,  666.57 MB free, 8108.25 MB total
[2017.09.15-04.53.24:091][  0]LogMemory: Virtual Memory: 677.05 MB used,  666.57 MB free, 134217728.00 MB total
[2017.09.15-04.53.25:890][  0]LogInit: Using OS detected language (en-US).
[2017.09.15-04.53.25:890][  0]LogInit: Using OS detected locale (en-US).
[2017.09.15-04.53.26:443][  0]LogTextLocalizationManager: No specific localization for 'en-US' exists, so the 'en' localization will be used.
[2017.09.15-04.53.39:234][  0]LogD3D11RHI: D3D11 adapters:
[2017.09.15-04.53.41:345][  0]LogD3D11RHI:    0. 'NVIDIA GeForce GTX 860M' (Feature Level 11_0)
[2017.09.15-04.53.41:345][  0]LogD3D11RHI:       2019/0/4054 MB DedicatedVideo/DedicatedSystem/SharedSystem, Outputs:2, VendorId:0x10de
[2017.09.15-04.53.41:412][  0]LogD3D11RHI:    1. 'Intel(R) HD Graphics 4600' (Feature Level 11_0)
[2017.09.15-04.53.41:412][  0]LogD3D11RHI:       112/0/2048 MB DedicatedVideo/DedicatedSystem/SharedSystem, Outputs:0, VendorId:0x8086
[2017.09.15-04.53.41:433][  0]LogD3D11RHI:    2. 'Microsoft Basic Render Driver' (Feature Level 11_0)
[2017.09.15-04.53.41:433][  0]LogD3D11RHI:       0/0/4054 MB DedicatedVideo/DedicatedSystem/SharedSystem, Outputs:0, VendorId:0x1414
[2017.09.15-04.53.41:433][  0]LogD3D11RHI: Chosen D3D11 Adapter: 0
[2017.09.15-04.53.41:471][  0]LogD3D11RHI: Creating new Direct3DDevice
[2017.09.15-04.53.41:471][  0]LogD3D11RHI:     GPU DeviceId: 0x1392 (for the marketing name, search the web for "GPU Device Id")
[2017.09.15-04.53.41:471][  0]LogWindows: EnumDisplayDevices:
[2017.09.15-04.53.41:472][  0]LogWindows:    0. 'Intel(R) HD Graphics 4600' (P:1 D:1)
[2017.09.15-04.53.41:472][  0]LogWindows:    1. 'Intel(R) HD Graphics 4600' (P:0 D:1)
[2017.09.15-04.53.41:472][  0]LogWindows:    2. 'Intel(R) HD Graphics 4600' (P:0 D:0)
[2017.09.15-04.53.41:472][  0]LogWindows: DebugString: PrimaryIsNotTheChoosenAdapter PrimaryIsNotTheChoosenAdapter PrimaryIsNotTheChoosenAdapter FoundDriverCount:0 
[2017.09.15-04.53.41:472][  0]LogD3D11RHI:     Adapter Name: NVIDIA GeForce GTX 860M
[2017.09.15-04.53.41:472][  0]LogD3D11RHI:   Driver Version: Unknown (internal:Unknown, unified:Unknown)
[2017.09.15-04.53.41:472][  0]LogD3D11RHI:      Driver Date: Unknown
[2017.09.15-04.53.41:472][  0]LogRHI: Texture pool is 1361 MB (70% of 1945 MB)
[2017.09.15-04.53.42:259][  0]LogD3D11RHI: Async texture creation enabled
[2017.09.15-04.53.43:484][  0]LogD3D11RHI: GPU Timing Frequency: 1000.000000 (Debug: 2 1)
[2017.09.15-04.53.43:618][  0]LogShaderCompilers: Guid format shader working directory is -25 characters bigger than the processId version (../../../../../../Users/Sawyer/Desktop/supercoolawesomegameever/MyProject/Intermediate/Shaders/WorkingDirectory/396/).
[2017.09.15-04.53.43:618][  0]LogShaderCompilers: Cleaned the shader compiler working directory 'C:/Users/Sawyer/AppData/Local/Temp/UnrealShaderWorkingDir/8AEA820D42C0C5B0967EC1B79ABB7FC4/'.
[2017.09.15-04.53.43:635][  0]LogShaderCompilers: Display: Using Local Shader Compiler.
[2017.09.15-04.53.52:686][  0]LogTemp: Display: Loaded TP AllDesktopTargetPlatform
[2017.09.15-04.53.52:761][  0]LogTemp: Display: Loaded TP MacClientTargetPlatform
[2017.09.15-04.53.52:831][  0]LogTemp: Display: Loaded TP MacNoEditorTargetPlatform
[2017.09.15-04.53.52:903][  0]LogTemp: Display: Loaded TP MacServerTargetPlatform
[2017.09.15-04.53.53:028][  0]LogTemp: Display: Loaded TP MacTargetPlatform
[2017.09.15-04.53.53:100][  0]LogTemp: Display: Loaded TP WindowsClientTargetPlatform
[2017.09.15-04.53.53:186][  0]LogTemp: Display: Loaded TP WindowsNoEditorTargetPlatform
[2017.09.15-04.53.53:249][  0]LogTemp: Display: Loaded TP WindowsServerTargetPlatform
[2017.09.15-04.53.53:318][  0]LogTemp: Display: Loaded TP WindowsTargetPlatform
[2017.09.15-04.53.53:429][  0]LogTemp: Display: Loaded TP AndroidTargetPlatform
[2017.09.15-04.53.53:498][  0]LogTemp: Display: Loaded TP Android_ASTCTargetPlatform
[2017.09.15-04.53.53:605][  0]LogTemp: Display: Loaded TP Android_ATCTargetPlatform
[2017.09.15-04.53.53:678][  0]LogTemp: Display: Loaded TP Android_DXTTargetPlatform
[2017.09.15-04.53.53:754][  0]LogTemp: Display: Loaded TP Android_ETC1TargetPlatform
[2017.09.15-04.53.53:828][  0]LogTemp: Display: Loaded TP Android_ETC2TargetPlatform
[2017.09.15-04.53.53:989][  0]LogTemp: Display: Loaded TP Android_MultiTargetPlatform
[2017.09.15-04.53.53:989][  0]LogTemp: Display: Loaded TP Android_PVRTCTargetPlatform
[2017.09.15-04.53.54:047][  0]LogTemp: Display: Loaded TP HTML5TargetPlatform
[2017.09.15-04.53.54:268][  0]LogTemp: Display: Loaded TP IOSTargetPlatform
[2017.09.15-04.53.54:318][  0]LogTemp: Display: Loaded TP TVOSTargetPlatform
[2017.09.15-04.53.54:387][  0]LogTemp: Display: Loaded TP LinuxClientTargetPlatform
[2017.09.15-04.53.54:470][  0]LogTemp: Display: Loaded TP LinuxNoEditorTargetPlatform
[2017.09.15-04.53.54:545][  0]LogTemp: Display: Loaded TP LinuxServerTargetPlatform
[2017.09.15-04.53.54:644][  0]LogTemp: Display: Loaded TP LinuxTargetPlatform
[2017.09.15-04.53.54:644][  0]LogTargetPlatformManager: Display: Building Assets For Windows
[2017.09.15-04.53.56:735][  0]LogDerivedDataCache: Display: Max Cache Size: 512 MB
[2017.09.15-04.53.57:685][  0]LogDerivedDataCache: Loaded boot cache 0.93s 93MB C:/Users/Sawyer/AppData/Local/UnrealEngine/4.17/DerivedDataCache/Boot.ddc.
[2017.09.15-04.53.57:685][  0]LogDerivedDataCache: Display: Loaded Boot cache: C:/Users/Sawyer/AppData/Local/UnrealEngine/4.17/DerivedDataCache/Boot.ddc
[2017.09.15-04.53.57:685][  0]LogDerivedDataCache: FDerivedDataBackendGraph:  Pak pak cache file ../../../../../../Users/Sawyer/Desktop/supercoolawesomegameever/MyProject/DerivedDataCache/DDC.ddp not found, will not use a pak cache.
[2017.09.15-04.53.57:685][  0]LogDerivedDataCache: Unable to find inner node Pak for hierarchical cache Hierarchy.
[2017.09.15-04.53.57:685][  0]LogDerivedDataCache: FDerivedDataBackendGraph:  CompressedPak pak cache file ../../../../../../Users/Sawyer/Desktop/supercoolawesomegameever/MyProject/DerivedDataCache/Compressed.ddp not found, will not use a pak cache.
[2017.09.15-04.53.57:685][  0]LogDerivedDataCache: Unable to find inner node CompressedPak for hierarchical cache Hierarchy.
[2017.09.15-04.53.57:790][  0]LogDerivedDataCache: Display: Pak cache opened for reading ../../../Engine/DerivedDataCache/Compressed.ddp.
[2017.09.15-04.53.57:820][  0]LogDerivedDataCache: Using Local data cache path C:/Users/Sawyer/AppData/Local/UnrealEngine/Common/DerivedDataCache: Writable
[2017.09.15-04.53.57:895][  0]LogMaterial: Verifying Global Shaders for PCD3D_SM5
[2017.09.15-04.53.57:966][  0]LogSlate: Using Freetype 2.6.0
[2017.09.15-04.53.58:113][  0]LogSlate: SlateFontCache - WITH_FREETYPE: 1, WITH_HARFBUZZ: 1
[2017.09.15-04.53.58:126][  0]LogSlate: SlateFontCache - WITH_FREETYPE: 1, WITH_HARFBUZZ: 1
[2017.09.15-04.54.07:758][  0]LogAssetRegistry: FAssetRegistry took 0.0290 seconds to start up
[2017.09.15-04.54.09:435][  0]LogInit: Selected Device Profile: [Windows]
[2017.09.15-04.54.15:854][  0]LogSimplygon: Simplygon DLL not present - disabling.
[2017.09.15-04.54.15:921][  0]LogMeshReduction: Using SimplygonSwarm for distributed automatic mesh merging
[2017.09.15-04.54.15:933][  0]LogMeshReduction: Using QuadricMeshReduction for automatic static mesh reduction
[2017.09.15-04.54.15:933][  0]LogMeshReduction: No automatic skeletal mesh reduction module available
[2017.09.15-04.54.15:933][  0]LogMeshReduction: No automatic mesh merging module available
[2017.09.15-04.54.15:933][  0]LogMeshMerging: No automatic mesh merging module available
[2017.09.15-04.54.16:170][  0]LogContentStreaming: Texture pool size is 0.00 MB
[2017.09.15-04.54.22:036][  0]LogNetVersion: MyProject , NetCL: 3573198, EngineNetVer: 2, GameNetVer: 0 (Checksum: 3113362612)
[2017.09.15-04.54.25:412][  0]LogPackageLocalizationCache: Processed 5 localized package path(s) for 2 prioritized culture(s) in 0.311344 seconds
[2017.09.15-04.54.25:458][  0]LogUObjectArray: 35825 objects as part of root set at end of initial load.
[2017.09.15-04.54.25:458][  0]LogUObjectAllocator: 7529104 out of 0 bytes used by permanent object pool.
[2017.09.15-04.54.25:458][  0]LogUObjectArray: CloseDisregardForGC: 0/0 objects in disregard for GC pool
[2017.09.15-04.54.25:595][  0]LogInit: WinSock: version 1.1 (2.2), MaxSocks=32767, MaxUdp=65467
[2017.09.15-04.54.54:148][  0]LogTcpMessaging: Initializing TcpMessaging bridge
[2017.09.15-04.54.54:248][  0]LogUdpMessaging: Initializing bridge on interface 0.0.0.0:0 to multicast group 230.0.0.1:6666.
[2017.09.15-04.54.56:328][  0]LogMaterial: Uniform references updated for custom material expression Custom.
[2017.09.15-04.54.57:656][  0]SourceControl: Source control is disabled
[2017.09.15-04.54.57:656][  0]SourceControl: Source control is disabled
[2017.09.15-04.54.57:789][  0]SourceControl: Source control is disabled
[2017.09.15-04.54.57:887][  0]SourceControl: Source control is disabled
[2017.09.15-04.54.59:235][  0]LogAndroidPermission: UAndroidPermissionCallbackProxy::GetInstance
[2017.09.15-04.54.59:632][  0]LogOcInput: OculusInput pre-init called
[2017.09.15-04.55.00:550][  0]LogEngine: Initializing Engine...
[2017.09.15-04.55.00:624][  0]LogHMD: Failed to initialize OpenVR with code 110
[2017.09.15-04.55.01:806][  0]LogStats: UGameplayTagsManager::ConstructGameplayTagTree: Construct from data asset -  0.000 s
[2017.09.15-04.55.01:806][  0]LogStats: UGameplayTagsManager::ConstructGameplayTagTree: GameplayTagTreeChangedEvent.Broadcast -  0.000 s
[2017.09.15-04.55.02:422][  0]LogAIModule: Creating AISystem for world Untitled
[2017.09.15-04.55.02:608][  0]LogInit: XAudio2 using 'Speakers (VIA HD Audio(Win 10))' : 2 channels at 48 kHz using 32 bits per sample (channel mask 0x3)
[2017.09.15-04.55.02:648][  0]LogInit: FAudioDevice initialized.
[2017.09.15-04.55.03:114][  0]LogDerivedDataCache: Saved boot cache 0.47s 93MB C:/Users/Sawyer/AppData/Local/UnrealEngine/4.17/DerivedDataCache/Boot.ddc.
[2017.09.15-04.55.03:151][  0]LogInit: Texture streaming: Enabled
[2017.09.15-04.55.03:711][  0]LogEngineSessionManager: EngineSessionManager initialized
[2017.09.15-04.55.05:145][  0]LogInit: Transaction tracking system initialized
[2017.09.15-04.55.06:069][  0]BlueprintLog: New page: Editor Load
[2017.09.15-04.55.09:053][  0]LocalizationService: Localization service is disabled
[2017.09.15-04.55.11:445][  0]LogConsoleResponse: Display: 
[2017.09.15-04.55.17:818][  0]LogFileCache: Scanning file cache for directory 'C:/Users/Sawyer/Desktop/supercoolawesomegameever/MyProject/Content/' took 0.12s
[2017.09.15-04.55.17:818][  0]LogCook: Display: Max memory allowance for cook 16384mb min free memory 0mb
[2017.09.15-04.55.17:819][  0]LogCook: Display: Mobile HDR setting 1
[2017.09.15-04.55.17:988][  0]LogGameplayTags: Display: UGameplayTagsManager::DoneAddingNativeTags. DelegateIsBound: 0
[2017.09.15-04.55.23:656][  0]SourceControl: Source control is disabled
[2017.09.15-04.55.23:837][  0]Cmd: MAP LOAD FILE="../../../Engine/Content/Maps/Templates/Template_Default.umap" TEMPLATE=1 SHOWPROGRESS=1 FEATURELEVEL=3
[2017.09.15-04.55.24:185][  0]LightingResults: New page: Lighting Build
[2017.09.15-04.55.24:597][  0]MapCheck: New page: Map Check
[2017.09.15-04.55.24:597][  0]LightingResults: New page: Lighting Build
[2017.09.15-04.55.27:723][  0]LogAIModule: Creating AISystem for world Untitled_1
[2017.09.15-04.55.28:158][  0]LogEditorServer: Finished looking for orphan Actors (0.000 secs)
[2017.09.15-04.55.28:225][  0]Cmd: MAP CHECKDEP NOCLEARLOG
[2017.09.15-04.55.28:291][  0]MapCheck: Map check complete: 0 Error(s), 0 Warning(s), took 65.434ms to complete.
[2017.09.15-04.55.28:291][  0]LogFileHelpers: Loading map 'Template_Default' took 4.467
[2017.09.15-04.55.30:995][  0]LogCollectionManager: Loaded 0 collections in 0.006917 seconds
[2017.09.15-04.55.31:196][  0]LogFileCache: Scanning file cache for directory 'C:/Users/Sawyer/Desktop/supercoolawesomegameever/MyProject/Saved/Collections/' took 0.01s
[2017.09.15-04.55.31:196][  0]LogFileCache: Scanning file cache for directory 'C:/Users/Sawyer/Desktop/supercoolawesomegameever/MyProject/Content/Developers/Sawyer/Collections/' took 0.01s
[2017.09.15-04.55.31:196][  0]LogFileCache: Scanning file cache for directory 'C:/Users/Sawyer/Desktop/supercoolawesomegameever/MyProject/Content/Collections/' took 0.01s
[2017.09.15-04.55.31:196][  0]LogCollectionManager: Rebuilt the GUID cache for 0 collections in 0.000001 seconds
[2017.09.15-04.55.31:257][  0]LogContentBrowser: Native class hierarchy populated in 0.0542 seconds. Added 2387 classes and 502 folders.
[2017.09.15-04.55.31:483][  0]LogContentBrowser: Native class hierarchy updated for 'WidgetCarousel' in 0.0031 seconds. Added 0 classes and 0 folders.
[2017.09.15-04.55.33:475][  0]LogContentBrowser: Native class hierarchy updated for 'AddContentDialog' in 0.0022 seconds. Added 0 classes and 0 folders.
[2017.09.15-04.55.33:606][  0]LogContentBrowser: Native class hierarchy updated for 'SceneOutliner' in 0.0023 seconds. Added 1 classes and 2 folders.
[2017.09.15-04.55.35:264][  0]LogSlate: Took 0.066714 seconds to synchronously load lazily loaded font '../../../Engine/Content/Slate/Fonts/Roboto-Regular.ttf' (155K)
[2017.09.15-04.55.35:314][  0]LogSlate: Took 0.024569 seconds to synchronously load lazily loaded font '../../../Engine/Content/Slate/Fonts/Roboto-Bold.ttf' (160K)
[2017.09.15-04.55.35:380][  0]LogSlate: Took 0.020505 seconds to synchronously load lazily loaded font '../../../Engine/Content/Editor/Slate/Fonts/FontAwesome.ttf' (139K)
[2017.09.15-04.55.36:220][  0]LogRenderer: Reallocating scene render targets to support 1208x576 Format 10 NumSamples 1 (Frame:1).
[2017.09.15-04.55.37:423][  0]LogContentBrowser: Native class hierarchy updated for 'HierarchicalLODOutliner' in 0.0022 seconds. Added 1 classes and 2 folders.
[2017.09.15-04.55.37:423][  0]LogLoad: (Engine Initialization) Total time: 147.40 seconds
[2017.09.15-04.55.37:423][  0]LogLoad: (Engine Initialization) Total Blueprint compile time: 0.00 seconds
[2017.09.15-04.55.37:479][  0]LogExternalProfiler: Found external profiler: VSPerf
[2017.09.15-04.55.37:479][  0]LogExternalProfiler: Using external profiler: VSPerf
[2017.09.15-04.55.38:019][  0]LogContentStreaming: Texture pool size now 1000 MB
[2017.09.15-04.55.38:464][  1]LogAssetRegistry: Asset discovery search completed in 90.7279 seconds
[2017.09.15-04.55.38:467][  1]LogCollectionManager: Rebuilt the object cache for 0 collections in 0.000001 seconds (found 0 objects)
[2017.09.15-04.55.38:467][  1]LogCollectionManager: Fixed up redirectors for 0 collections in 0.000072 seconds (updated 0 objects)
[2017.09.15-04.55.42:627][ 95]LogSlate: Took 0.016006 seconds to synchronously load lazily loaded font '../../../Engine/Content/Slate/Fonts/Roboto-Light.ttf' (159K)
[2017.09.15-05.25.43:990][581]LogSlate: Took 0.071807 seconds to synchronously load lazily loaded font '../../../Engine/Content/Slate/Fonts/Roboto-Light.ttf' (159K)
[2017.09.15-05.25.45:373][581]LogSlate: Took 0.200889 seconds to synchronously load lazily loaded font '../../../Engine/Content/Slate/Fonts/Roboto-Regular.ttf' (155K)
[2017.09.15-05.25.47:337][581]LogAIModule: Creating AISystem for world Level_1
[2017.09.15-05.25.48:436][581]Cmd: MAP LOAD FILE="../../../../../../Users/Sawyer/Desktop/supercoolawesomegameever/MyProject/Content/Level_1.umap" TEMPLATE=0 SHOWPROGRESS=1 FEATURELEVEL=3
[2017.09.15-05.25.48:480][581]LightingResults: New page: Lighting Build
[2017.09.15-05.25.48:509][581]LoadErrors: New page: Loading map: Level_1.umap
[2017.09.15-05.25.48:615][581]MapCheck: New page: Map Check
[2017.09.15-05.25.48:615][581]LightingResults: New page: Lighting Build
[2017.09.15-05.25.51:904][581]LogEditorServer: Finished looking for orphan Actors (0.000 secs)
[2017.09.15-05.25.52:034][581]Cmd: MAP CHECKDEP NOCLEARLOG
[2017.09.15-05.25.52:146][581]MapCheck: Map check complete: 0 Error(s), 0 Warning(s), took 111.989ms to complete.
[2017.09.15-05.25.52:147][581]LogFileHelpers: Loading map 'Level_1' took 3.857
[2017.09.15-05.25.54:879][671]LogEditorViewport: Clicking on Actor (LMB): StaticMeshActor (Cube)
[2017.09.15-05.25.58:098][672]LogEditorViewport: Clicking on Actor (LMB): StaticMeshActor (Cube)
[2017.09.15-05.26.10:484][328]LogTemp: Repeating last play command: Selected Viewport
[2017.09.15-05.26.10:788][328]LogPlayLevel: PlayLevel: No blueprints needed recompiling
[2017.09.15-05.26.10:848][328]PIE: New page: PIE session: Level_1 (Sep 14, 2017, 3:26:10 PM)
[2017.09.15-05.26.10:874][328]LogPlayLevel: Creating play world package: /Game/UEDPIE_0_Level_1
[2017.09.15-05.26.11:014][328]LogPlayLevel: PIE: StaticDuplicateObject took: (0.140310s)
[2017.09.15-05.26.11:015][328]LogAIModule: Creating AISystem for world Level_1
[2017.09.15-05.26.11:015][328]LogPlayLevel: PIE: World Init took: (0.001224s)
[2017.09.15-05.26.11:021][328]LogPlayLevel: PIE: Created PIE world by copying editor world from /Game/Level_1.Level_1 to /Game/UEDPIE_0_Level_1.Level_1 (0.147153s)
[2017.09.15-05.26.11:074][328]LogInit: XAudio2 using 'Speakers (VIA HD Audio(Win 10))' : 2 channels at 48 kHz using 32 bits per sample (channel mask 0x3)
[2017.09.15-05.26.11:082][328]LogInit: FAudioDevice initialized.
[2017.09.15-05.26.11:209][328]LogLoad: Game class is 'GameModeBase'
[2017.09.15-05.26.11:337][328]LogWorld: Bringing World /Game/UEDPIE_0_Level_1.Level_1 up for play (max tick rate 60) at 2017.09.14-22.26.11
[2017.09.15-05.26.11:361][328]LogWorld: Bringing up level for play took: 0.026274
[2017.09.15-05.26.14:286][328]LogContentBrowser: Native class hierarchy updated for 'MovieSceneCapture' in 0.0568 seconds. Added 11 classes and 0 folders.
[2017.09.15-05.26.14:589][328]PIE: Play in editor start time for /Game/UEDPIE_0_Level_1 4.1
[2017.09.15-05.26.38:423][620]LogEditorViewport: Clicking on Actor (LMB): StaticMeshActor (Cube)
[2017.09.15-05.26.40:688][730]LogSlate: Took 0.063366 seconds to synchronously load lazily loaded font '../../../Engine/Content/Editor/Slate/Fonts/Roboto-Italic.ttf' (157K)
[2017.09.15-05.26.43:917][857]LogSlate: Took 0.056781 seconds to synchronously load lazily loaded font '../../../Engine/Content/Editor/Slate/Fonts/Roboto-BoldCondensed.ttf' (158K)
[2017.09.15-05.27.33:405][857]Running C:/Program Files/Epic Games/UE_4.17/Engine/Binaries/DotNET/UnrealBuildTool.exe  -projectfiles -project="C:/Users/Sawyer/Desktop/supercoolawesomegameever/MyProject/MyProject.uproject" -game -rocket -progress
[2017.09.15-05.27.37:867][857]Discovering modules, targets and source code for project...
[2017.09.15-05.28.03:232][857]LogVSAccessor: Warning: Couldn't access Visual Studio
[2017.09.15-05.28.03:352][857]Candidate modules for hot reload:
[2017.09.15-05.28.03:353][857]  MyProject
[2017.09.15-05.28.03:353][857]Launching UnrealBuildTool... [C:/Program Files/Epic Games/UE_4.17/Engine/Binaries/DotNET/UnrealBuildTool.exe MyProject -ModuleWithSuffix MyProject 7267 Win64 Development -editorrecompile -canskiplink "C:/Users/Sawyer/Desktop/supercoolawesomegameever/MyProject/MyProject.uproject" ]
[2017.09.15-05.31.27:804][857]CompilerResultsLog: New page: Compilation - Sep 14, 2017, 3:31:27 PM
[2017.09.15-05.31.27:804][857]CompilerResultsLog: Performing full C++ include scan (hot reloading a new target)
[2017.09.15-05.31.27:804][857]CompilerResultsLog: Compiling game modules for hot reload
[2017.09.15-05.31.27:804][857]CompilerResultsLog: Parsing headers for MyProjectEditor
[2017.09.15-05.31.27:804][857]CompilerResultsLog:   Running UnrealHeaderTool "C:\Users\Sawyer\Desktop\supercoolawesomegameever\MyProject\MyProject.uproject" "C:\Users\Sawyer\Desktop\supercoolawesomegameever\MyProject\Intermediate\Build\Win64\MyProjectEditor\Development\MyProjectEditor.uhtmanifest" -LogCmds="loginit warning, logexit warning, logdatabase error" -Unattended -WarningsAsErrors -installed
[2017.09.15-05.31.27:804][857]CompilerResultsLog: Reflection code generated for MyProjectEditor in 14.787109 seconds
[2017.09.15-05.31.27:804][857]CompilerResultsLog: Performing 8 actions (4 in parallel)
[2017.09.15-05.31.27:804][857]CompilerResultsLog: MyProject.cpp
[2017.09.15-05.31.27:804][857]CompilerResultsLog: PlayerMovement.cpp
[2017.09.15-05.31.27:804][857]CompilerResultsLog: MyProject.init.gen.cpp
[2017.09.15-05.31.27:804][857]CompilerResultsLog: MyProjectGameModeBase.cpp
[2017.09.15-05.31.27:804][857]CompilerResultsLog: MyProjectGameModeBase.gen.cpp
[2017.09.15-05.31.27:804][857]CompilerResultsLog: PlayerMovement.gen.cpp
[2017.09.15-05.31.27:804][857]CompilerResultsLog: [7/8] Link UE4Editor-MyProject-7267.dll
[2017.09.15-05.31.27:804][857]CompilerResultsLog: [8/8] Link UE4Editor-MyProject-7267.lib
[2017.09.15-05.31.27:804][857]CompilerResultsLog:    Creating library C:\Users\Sawyer\Desktop\supercoolawesomegameever\MyProject\Intermediate\Build\Win64\UE4Editor\Development\UE4Editor-MyProject-7267.lib and object C:\Users\Sawyer\Desktop\supercoolawesomegameever\MyProject\Intermediate\Build\Win64\UE4Editor\Development\UE4Editor-MyProject-7267.exp
[2017.09.15-05.31.27:804][857]CompilerResultsLog:    Creating library C:\Users\Sawyer\Desktop\supercoolawesomegameever\MyProject\Intermediate\Build\Win64\UE4Editor\Development\UE4Editor-MyProject-7267.suppressed.lib and object C:\Users\Sawyer\Desktop\supercoolawesomegameever\MyProject\Intermediate\Build\Win64\UE4Editor\Development\UE4Editor-MyProject-7267.suppressed.exp
[2017.09.15-05.31.27:804][857]CompilerResultsLog: Total build time: 204.05 seconds (Local executor: 82.48 seconds)
[2017.09.15-05.31.27:817][857]LogMainFrame: MainFrame: Module compiling took 204.584 seconds
[2017.09.15-05.31.28:109][857]LogClass: Could not find existing class PlayerMovement in package /Script/MyProject for HotReload, assuming new class
[2017.09.15-05.31.28:113][857]LogContentBrowser: Native class hierarchy updated for 'MyProject' in 0.0020 seconds. Added 2 classes and 2 folders.
[2017.09.15-05.31.28:116][857]Display: HotReload successful (0 functions remapped  0 scriptstructs remapped)
[2017.09.15-05.31.28:566][857]LogContentBrowser: Native class hierarchy populated in 0.0165 seconds. Added 2390 classes and 506 folders.
[2017.09.15-05.31.28:612][857]Display: HotReload took 205.4s.
[2017.09.15-05.31.28:615][857]Warning: HotReload operation took 205.4s.
[2017.09.15-05.31.29:326][857]LogHotReload: New module detected: UE4Editor-MyProject-7267.dll
[2017.09.15-05.31.30:045][858]LogHotReload: Starting Hot-Reload from IDE
[2017.09.15-05.31.30:333][858]LogContentBrowser: Native class hierarchy updated for 'MyProject' in 0.0023 seconds. Added 2 classes and 2 folders.
[2017.09.15-05.31.30:336][858]Display: HotReload successful (0 functions remapped  0 scriptstructs remapped)
[2017.09.15-05.31.30:356][858]LogContentBrowser: Native class hierarchy populated in 0.0161 seconds. Added 2390 classes and 506 folders.
[2017.09.15-05.31.30:371][858]Display: HotReload took  0.3s.
[2017.09.15-05.33.00:886][361]LogVSAccessor: Warning: Couldn't goto line number '0' in 'C:/Users/Sawyer/Desktop/supercoolawesomegameever/MyProject/Source/MyProject/PlayerMovement.h'
[2017.09.15-05.33.02:577][361]LogVSAccessor: Warning: Couldn't goto line number '0' in 'C:/Users/Sawyer/Desktop/supercoolawesomegameever/MyProject/Source/MyProject/PlayerMovement.cpp'
[2017.09.15-05.40.48:794][756]LogSlate: Took 0.022911 seconds to synchronously load lazily loaded font '../../../Engine/Content/Slate/Fonts/Roboto-Light.ttf' (159K)
[2017.09.15-05.40.59:476][783]LogSavePackage: Save=996.05ms
[2017.09.15-05.40.59:476][783]LogSavePackage: Moving '../../../../../../Users/Sawyer/Desktop/supercoolawesomegameever/MyProject/Saved/Level_1_Auto16A4CFEBC4CB85B45DADDB792D46C10F6.tmp' to '../../../../../../Users/Sawyer/Desktop/supercoolawesomegameever/MyProject/Saved/Autosaves/Game/Level_1_Auto1.umap'
[2017.09.15-05.40.59:505][783]LogSavePackage: Display: Finished SavePackage ../../../../../../Users/Sawyer/Desktop/supercoolawesomegameever/MyProject/Saved/Autosaves/Game/Level_1_Auto1.umap
[2017.09.15-05.40.59:811][783]LogFileHelpers: Editor autosave (incl. sublevels) for '/Game/Level_1' took 1.830
[2017.09.15-05.40.59:811][783]LogFileHelpers: Editor autosave (incl. sublevels) for all levels took 1.830
[2017.09.15-19.54.05:757][705]Cmd: SELECT NONE
[2017.09.15-19.54.10:945][791]Cmd: OBJ SAVEPACKAGE PACKAGE="/Game/Level_1" FILE="../../../../../../Users/Sawyer/Desktop/supercoolawesomegameever/MyProject/Content/Level_1.umap" SILENT=true AUTOSAVING=false KEEPDIRTY=false
[2017.09.15-19.54.11:545][791]LogSavePackage: Save=495.26ms
[2017.09.15-19.54.11:545][791]LogSavePackage: Moving '../../../../../../Users/Sawyer/Desktop/supercoolawesomegameever/MyProject/Saved/Level_18402AEB141F978D9EB563AA0D7B9B75B.tmp' to '../../../../../../Users/Sawyer/Desktop/supercoolawesomegameever/MyProject/Content/Level_1.umap'
[2017.09.15-19.54.11:553][791]LogSavePackage: Display: Finished SavePackage ../../../../../../Users/Sawyer/Desktop/supercoolawesomegameever/MyProject/Content/Level_1.umap
[2017.09.15-19.54.11:604][791]LogFileHelpers: Saving map 'Level_1' took 0.777
[2017.09.15-19.54.12:773][792]Cmd: QUIT_EDITOR
[2017.09.15-19.54.13:661][792]LogWindowsTextInputMethodSystem: Display: IME system now deactivated.
[2017.09.15-19.54.13:869][792]LogExit: Preparing to exit.
[2017.09.15-19.54.17:210][792]LogDirectoryWatcher: A directory notification for 'C:/Users/Sawyer/Desktop/supercoolawesomegameever/MyProject/Content/' was aborted.
[2017.09.15-19.54.17:906][792]LogExit: Editor shut down
[2017.09.15-19.54.17:994][792]LogExit: Transaction tracking system shut down
[2017.09.15-19.54.18:538][792]LogDirectoryWatcher: A directory notification for '../../../Engine/Content/' was aborted.
[2017.09.15-19.54.18:538][792]LogDirectoryWatcher: A directory notification for '../../../../../../Users/Sawyer/Desktop/supercoolawesomegameever/MyProject/Content/' was aborted.
[2017.09.15-19.54.18:538][792]LogDirectoryWatcher: A directory notification for '../../../Engine/Plugins/2D/Paper2D/Content/' was aborted.
[2017.09.15-19.54.18:538][792]LogDirectoryWatcher: A directory notification for '../../../Engine/Plugins/Runtime/Oculus/OculusVR/Content/' was aborted.
[2017.09.15-19.54.18:539][792]LogDirectoryWatcher: A directory notification for '../../../Engine/Plugins/Runtime/Steam/SteamVR/Content/' was aborted.
[2017.09.15-19.54.22:377][792]LogExit: Object subsystem successfully closed.
[2017.09.15-19.54.25:146][792]LogD3D11RHI: Shutdown
[2017.09.15-19.54.25:300][792]LogD3D11RHI: CleanupD3DDevice
[2017.09.15-19.54.28:962][792]LogD3D11RHI: ~FD3D11DynamicRHI
[2017.09.15-19.54.50:997][792]LogModuleManager: Shutting down and abandoning module MyProject (536)
[2017.09.15-19.54.50:997][792]LogModuleManager: Shutting down and abandoning module MovieSceneCapture (534)
[2017.09.15-19.54.51:027][792]LogModuleManager: Shutting down and abandoning module HierarchicalLODOutliner (532)
[2017.09.15-19.54.51:027][792]LogModuleManager: Shutting down and abandoning module SceneOutliner (530)
[2017.09.15-19.54.51:047][792]LogModuleManager: Shutting down and abandoning module AddContentDialog (528)
[2017.09.15-19.54.51:350][792]LogDirectoryWatcher: A directory notification for 'C:/Program Files/Epic Games/UE_4.17/FeaturePacks/' was aborted.
[2017.09.15-19.54.53:829][792]LogModuleManager: Shutting down and abandoning module WidgetCarousel (527)
[2017.09.15-19.54.53:829][792]LogModuleManager: Shutting down and abandoning module EditorWidgets (524)
[2017.09.15-19.54.53:829][792]LogModuleManager: Shutting down and abandoning module CollectionManager (522)
[2017.09.15-19.54.53:978][792]LogDirectoryWatcher: A directory notification for 'C:/Users/Sawyer/Desktop/supercoolawesomegameever/MyProject/Content/Collections/' was aborted.
[2017.09.15-19.54.53:978][792]LogDirectoryWatcher: A directory notification for 'C:/Users/Sawyer/Desktop/supercoolawesomegameever/MyProject/Content/Developers/Sawyer/Collections/' was aborted.
[2017.09.15-19.54.53:978][792]LogDirectoryWatcher: A directory notification for 'C:/Users/Sawyer/Desktop/supercoolawesomegameever/MyProject/Saved/Collections/' was aborted.
[2017.09.15-19.54.53:978][792]LogModuleManager: Shutting down and abandoning module StatsViewer (520)
[2017.09.15-19.54.54:042][792]LogModuleManager: Shutting down and abandoning module FoliageEdit (518)
[2017.09.15-19.54.54:119][792]LogModuleManager: Shutting down and abandoning module LandscapeEditor (516)
[2017.09.15-19.54.55:055][792]LogModuleManager: Shutting down and abandoning module MeshPaintMode (514)
[2017.09.15-19.54.55:071][792]LogModuleManager: Shutting down and abandoning module SceneDepthPickerMode (512)
[2017.09.15-19.54.55:071][792]LogModuleManager: Shutting down and abandoning module ActorPickerMode (510)
[2017.09.15-19.54.55:071][792]LogModuleManager: Shutting down and abandoning module GeometryMode (508)
[2017.09.15-19.54.55:079][792]LogModuleManager: Shutting down and abandoning module TextureAlignMode (506)
[2017.09.15-19.54.55:079][792]LogModuleManager: Shutting down and abandoning module BspMode (504)
[2017.09.15-19.54.55:098][792]LogModuleManager: Shutting down and abandoning module PIEPreviewDeviceProfileSelector (502)
[2017.09.15-19.54.55:098][792]LogModuleManager: Shutting down and abandoning module HardwareSurvey (500)
[2017.09.15-19.54.55:133][792]LogModuleManager: Shutting down and abandoning module SequenceRecorderSections (498)
[2017.09.15-19.54.55:168][792]LogModuleManager: Shutting down and abandoning module AutomationWorker (496)
[2017.09.15-19.54.55:191][792]LogModuleManager: Shutting down and abandoning module MatineeToLevelSequence (494)
[2017.09.15-19.54.55:474][792]LogModuleManager: Shutting down and abandoning module LevelSequenceEditor (492)
[2017.09.15-19.54.55:785][792]LogModuleManager: Shutting down and abandoning module PlacementMode (491)
[2017.09.15-19.54.55:785][792]LogModuleManager: Shutting down and abandoning module WmfMediaFactory (488)
[2017.09.15-19.54.55:786][792]LogModuleManager: Shutting down and abandoning module WmfMediaEditor (486)
[2017.09.15-19.54.55:786][792]LogModuleManager: Shutting down and abandoning module AvfMediaFactory (484)
[2017.09.15-19.54.55:786][792]LogModuleManager: Shutting down and abandoning module AvfMediaEditor (482)
[2017.09.15-19.54.55:786][792]LogModuleManager: Shutting down and abandoning module AndroidMediaFactory (480)
[2017.09.15-19.54.55:786][792]LogModuleManager: Shutting down and abandoning module Media (479)
[2017.09.15-19.54.55:786][792]LogModuleManager: Shutting down and abandoning module AndroidMediaEditor (476)
[2017.09.15-19.54.55:786][792]LogModuleManager: Shutting down and abandoning module CharacterAI (474)
[2017.09.15-19.54.55:786][792]LogModuleManager: Shutting down and abandoning module AudioCapture (472)
[2017.09.15-19.54.55:889][792]LogModuleManager: Shutting down and abandoning module SequenceRecorder (471)
[2017.09.15-19.54.55:967][792]LogModuleManager: Shutting down and abandoning module SmartSnapping (468)
[2017.09.15-19.54.55:967][792]LogModuleManager: Shutting down and abandoning module SessionServices (466)
[2017.09.15-19.54.55:967][792]LogModuleManager: Shutting down and abandoning module ViewportSnapping (464)
[2017.09.15-19.54.55:967][792]LogModuleManager: Shutting down and abandoning module ViewportInteraction (462)
[2017.09.15-19.54.56:079][792]LogModuleManager: Shutting down and abandoning module ClothPainter (460)
[2017.09.15-19.54.56:199][792]LogModuleManager: Shutting down and abandoning module LogVisualizer (458)
[2017.09.15-19.54.56:681][792]LogModuleManager: Shutting down and abandoning module IntroTutorials (456)
[2017.09.15-19.54.57:146][792]LogModuleManager: Shutting down and abandoning module GameProjectGeneration (455)
[2017.09.15-19.54.57:146][792]LogModuleManager: Shutting down and abandoning module IOSPlatformEditor (452)
[2017.09.15-19.54.57:298][792]LogModuleManager: Shutting down and abandoning module HTML5PlatformEditor (450)
[2017.09.15-19.54.57:298][792]LogModuleManager: Shutting down and abandoning module AndroidPlatformEditor (448)
[2017.09.15-19.54.57:307][792]LogModuleManager: Shutting down and abandoning module AndroidDeviceDetection (447)
[2017.09.15-19.54.57:554][792]LogModuleManager: Shutting down and abandoning module WindowsPlatformEditor (444)
[2017.09.15-19.54.57:554][792]LogModuleManager: Shutting down and abandoning module IOSRuntimeSettings (442)
[2017.09.15-19.54.57:554][792]LogModuleManager: Shutting down and abandoning module AndroidRuntimeSettings (440)
[2017.09.15-19.54.57:554][792]LogModuleManager: Shutting down and abandoning module InputBindingEditor (438)
[2017.09.15-19.54.57:623][792]LogModuleManager: Shutting down and abandoning module MergeActors (436)
[2017.09.15-19.54.57:679][792]LogModuleManager: Shutting down and abandoning module SizeMap (434)
[2017.09.15-19.54.57:744][792]LogModuleManager: Shutting down and abandoning module TreeMap (432)
[2017.09.15-19.54.57:849][792]LogModuleManager: Shutting down and abandoning module ReferenceViewer (430)
[2017.09.15-19.54.57:889][792]LogModuleManager: Shutting down and abandoning module LocalizationDashboard (428)
[2017.09.15-19.54.58:122][792]LogModuleManager: Shutting down and abandoning module LocalizationService (427)
[2017.09.15-19.54.58:147][792]LogModuleManager: Shutting down and abandoning module HardwareTargeting (424)
[2017.09.15-19.54.58:148][792]LogModuleManager: Shutting down and abandoning module DeviceProfileEditor (422)
[2017.09.15-19.54.58:198][792]LogModuleManager: Shutting down and abandoning module UndoHistory (420)
[2017.09.15-19.54.58:221][792]LogModuleManager: Shutting down and abandoning module XmlParser (418)
[2017.09.15-19.54.58:227][792]LogModuleManager: Shutting down and abandoning module Blutility (416)
[2017.09.15-19.54.58:344][792]LogModuleManager: Shutting down and abandoning module ProjectSettingsViewer (414)
[2017.09.15-19.54.58:416][792]LogModuleManager: Shutting down and abandoning module ProjectTargetPlatformEditor (413)
[2017.09.15-19.54.58:468][792]LogModuleManager: Shutting down and abandoning module EditorSettingsViewer (410)
[2017.09.15-19.54.58:482][792]LogModuleManager: Shutting down and abandoning module SettingsEditor (408)
[2017.09.15-19.54.58:511][792]LogModuleManager: Shutting down and abandoning module ProjectLauncher (406)
[2017.09.15-19.54.58:578][792]LogModuleManager: Shutting down and abandoning module SessionFrontend (404)
[2017.09.15-19.54.58:660][792]LogModuleManager: Shutting down and abandoning module ProfilerClient (402)
[2017.09.15-19.54.58:669][792]LogModuleManager: Shutting down and abandoning module DeviceManager (400)
[2017.09.15-19.54.58:713][792]LogModuleManager: Shutting down and abandoning module TargetDeviceServices (399)
[2017.09.15-19.54.58:765][792]LogModuleManager: Shutting down and abandoning module AutomationController (396)
[2017.09.15-19.54.58:951][792]LogModuleManager: Shutting down and abandoning module AutomationWindow (394)
[2017.09.15-19.54.59:086][792]LogModuleManager: Shutting down and abandoning module Layers (392)
[2017.09.15-19.54.59:356][792]LogModuleManager: Shutting down and abandoning module ComponentVisualizers (390)
[2017.09.15-19.54.59:356][792]LogModuleManager: Shutting down and abandoning module DetailCustomizations (388)
[2017.09.15-19.54.59:396][792]LogModuleManager: Shutting down and abandoning module PackagesDialog (386)
[2017.09.15-19.54.59:396][792]LogModuleManager: Shutting down and abandoning module Persona (384)
[2017.09.15-19.54.59:848][792]LogModuleManager: Shutting down and abandoning module AdvancedPreviewScene (383)
[2017.09.15-19.54.59:848][792]LogModuleManager: Shutting down and abandoning module AnimGraph (381)
[2017.09.15-19.54.59:912][792]LogModuleManager: Shutting down and abandoning module Kismet (378)
[2017.09.15-19.55.00:118][792]LogModuleManager: Shutting down and abandoning module ClassViewer (376)
[2017.09.15-19.55.00:126][792]LogModuleManager: Shutting down and abandoning module Toolbox (374)
[2017.09.15-19.55.00:137][792]LogModuleManager: Shutting down and abandoning module ModuleUI (372)
[2017.09.15-19.55.00:207][792]LogModuleManager: Shutting down and abandoning module MovieSceneTools (370)
[2017.09.15-19.55.00:438][792]LogModuleManager: Shutting down and abandoning module OutputLog (368)
[2017.09.15-19.55.00:455][792]LogModuleManager: Shutting down and abandoning module GammaUI (366)
[2017.09.15-19.55.00:473][792]LogModuleManager: Shutting down and abandoning module Documentation (364)
[2017.09.15-19.55.00:473][792]LogModuleManager: Shutting down and abandoning module MovieSceneTracks (362)
[2017.09.15-19.55.00:554][792]LogModuleManager: Shutting down and abandoning module MovieScene (360)
[2017.09.15-19.55.00:554][792]LogModuleManager: Shutting down and abandoning module Niagara (358)
[2017.09.15-19.55.00:555][792]LogModuleManager: Shutting down and abandoning module NiagaraEditor (357)
[2017.09.15-19.55.00:746][792]LogModuleManager: Shutting down and abandoning module StreamingPauseRendering (354)
[2017.09.15-19.55.00:778][792]LogModuleManager: Shutting down and abandoning module LauncherPlatform (352)
[2017.09.15-19.55.00:778][792]LogModuleManager: Shutting down and abandoning module AnalyticsET (350)
[2017.09.15-19.55.00:778][792]LogModuleManager: Shutting down and abandoning module PortalServices (348)
[2017.09.15-19.55.00:778][792]LogModuleManager: Shutting down and abandoning module PortalRpc (346)
[2017.09.15-19.55.00:778][792]LogModuleManager: Shutting down and abandoning module MessagingRpc (344)
[2017.09.15-19.55.00:778][792]LogModuleManager: Shutting down and abandoning module AIModule (342)
[2017.09.15-19.55.00:778][792]LogModuleManager: Shutting down and abandoning module GameplayDebugger (341)
[2017.09.15-19.55.00:778][792]LogModuleManager: Shutting down and abandoning module AITestSuite (339)
[2017.09.15-19.55.00:798][792]LogModuleManager: Shutting down and abandoning module ProfilerService (336)
[2017.09.15-19.55.01:072][792]LogModuleManager: Shutting down and abandoning module TaskGraph (334)
[2017.09.15-19.55.01:089][792]LogModuleManager: Shutting down and abandoning module SteamVRController (332)
[2017.09.15-19.55.01:089][792]LogModuleManager: Shutting down and abandoning module ProceduralMeshComponentEditor (330)
[2017.09.15-19.55.01:104][792]LogModuleManager: Shutting down and abandoning module ProceduralMeshComponent (328)
[2017.09.15-19.55.01:135][792]LogModuleManager: Shutting down and abandoning module OculusInput (326)
[2017.09.15-19.55.01:161][792]LogModuleManager: Shutting down and abandoning module MobilePatchingUtils (324)
[2017.09.15-19.55.01:161][792]LogModuleManager: Shutting down and abandoning module CustomMeshComponent (322)
[2017.09.15-19.55.01:161][792]LogModuleManager: Shutting down and abandoning module CableComponent (320)
[2017.09.15-19.55.01:181][792]LogModuleManager: Shutting down and abandoning module ArchVisCharacter (318)
[2017.09.15-19.55.01:181][792]LogModuleManager: Shutting down and abandoning module AndroidPermission (316)
[2017.09.15-19.55.01:181][792]LogModuleManager: Shutting down and abandoning module MediaPlayerEditor (312)
[2017.09.15-19.55.01:219][792]LogModuleManager: Shutting down and abandoning module HTML5Networking (310)
[2017.09.15-19.55.01:219][792]LogModuleManager: Shutting down and abandoning module AlembicImporter (308)
[2017.09.15-19.55.01:251][792]LogModuleManager: Shutting down and abandoning module AlembicLibrary (307)
[2017.09.15-19.55.01:385][792]LogModuleManager: Shutting down and abandoning module GeometryCache (306)
[2017.09.15-19.55.01:385][792]LogModuleManager: Shutting down and abandoning module GeometryCacheEd (305)
[2017.09.15-19.55.01:385][792]LogModuleManager: Shutting down and abandoning module SpeedTreeImporter (300)
[2017.09.15-19.55.01:423][792]LogModuleManager: Shutting down and abandoning module PluginBrowser (298)
[2017.09.15-19.55.01:486][792]LogModuleManager: Shutting down and abandoning module MobileLauncherProfileWizard (296)
[2017.09.15-19.55.01:527][792]LogModuleManager: Shutting down and abandoning module VisualStudioSourceCodeAccess (294)
[2017.09.15-19.55.01:527][792]LogModuleManager: Shutting down and abandoning module DesktopPlatform (293)
[2017.09.15-19.55.01:527][792]LogModuleManager: Shutting down and abandoning module UObjectPlugin (290)
[2017.09.15-19.55.01:527][792]LogModuleManager: Shutting down and abandoning module SubversionSourceControl (288)
[2017.09.15-19.55.01:543][792]LogModuleManager: Shutting down and abandoning module PerforceSourceControl (286)
[2017.09.15-19.55.01:706][792]LogModuleManager: Shutting down and abandoning module GitSourceControl (284)
[2017.09.15-19.55.01:770][792]LogModuleManager: Shutting down and abandoning module SourceControl (283)
[2017.09.15-19.55.01:833][792]LogModuleManager: Shutting down and abandoning module LightPropagationVolumeEditor (280)
[2017.09.15-19.55.01:833][792]LogModuleManager: Shutting down and abandoning module PaperTiledImporter (278)
[2017.09.15-19.55.01:833][792]LogModuleManager: Shutting down and abandoning module PaperSpriteSheetImporter (276)
[2017.09.15-19.55.01:833][792]LogModuleManager: Shutting down and abandoning module Paper2DEditor (274)
[2017.09.15-19.55.02:012][792]LogModuleManager: Shutting down and abandoning module MeshPaint (273)
[2017.09.15-19.55.02:084][792]LogModuleManager: Shutting down and abandoning module LevelEditor (271)
[2017.09.15-19.55.02:186][792]LogModuleManager: Shutting down and abandoning module PixelInspectorModule (270)
[2017.09.15-19.55.02:250][792]LogModuleManager: Shutting down and abandoning module MainFrame (268)
[2017.09.15-19.55.02:250][792]LogModuleManager: Shutting down and abandoning module HotReload (267)
[2017.09.15-19.55.02:250][792]LogDirectoryWatcher: A directory notification for 'C:/Users/Sawyer/Desktop/supercoolawesomegameever/MyProject/Binaries/Win64' was aborted.
[2017.09.15-19.55.02:251][792]LogModuleManager: Shutting down and abandoning module RuntimePhysXCooking (260)
[2017.09.15-19.55.02:251][792]LogModuleManager: Shutting down and abandoning module PhysXVehiclesEditor (258)
[2017.09.15-19.55.02:268][792]LogModuleManager: Shutting down and abandoning module PhysXVehicles (256)
[2017.09.15-19.55.02:269][792]LogModuleManager: Shutting down and abandoning module OculusEditor (254)
[2017.09.15-19.55.02:269][792]LogModuleManager: Shutting down and abandoning module LocationServicesBPLibrary (252)
[2017.09.15-19.55.02:269][792]LogModuleManager: Shutting down and abandoning module ImmediatePhysicsEditor (250)
[2017.09.15-19.55.02:269][792]LogModuleManager: Shutting down and abandoning module ImmediatePhysics (248)
[2017.09.15-19.55.02:296][792]LogModuleManager: Shutting down and abandoning module UdpMessaging (246)
[2017.09.15-19.55.02:434][792]LogModuleManager: Shutting down and abandoning module TcpMessaging (244)
[2017.09.15-19.55.02:554][792]LogModuleManager: Shutting down and abandoning module GameplayTagsEditor (242)
[2017.09.15-19.55.02:600][792]LogModuleManager: Shutting down and abandoning module FacialAnimationEditor (240)
[2017.09.15-19.55.02:614][792]LogModuleManager: Shutting down and abandoning module FacialAnimation (238)
[2017.09.15-19.55.02:614][792]LogModuleManager: Shutting down and abandoning module AssetManagerEditor (236)
[2017.09.15-19.55.02:634][792]LogModuleManager: Shutting down and abandoning module GraphEditor (235)
[2017.09.15-19.55.02:717][792]LogModuleManager: Shutting down and abandoning module ContentBrowser (233)
[2017.09.15-19.55.02:746][792]LogModuleManager: Shutting down and abandoning module LightPropagationVolumeRuntime (230)
[2017.09.15-19.55.02:746][792]LogModuleManager: Shutting down and abandoning module Paper2D (228)
[2017.09.15-19.55.02:763][792]LogModuleManager: Shutting down and abandoning module WindowsMoviePlayer (226)
[2017.09.15-19.55.02:773][792]LogModuleManager: Shutting down and abandoning module WmfMedia (224)
[2017.09.15-19.55.02:820][792]LogModuleManager: Shutting down and abandoning module PacketHandler (222)
[2017.09.15-19.55.02:820][792]LogModuleManager: Shutting down and abandoning module ClothingSystemEditor (220)
[2017.09.15-19.55.02:834][792]LogModuleManager: Shutting down and abandoning module ClothingSystemRuntime (218)
[2017.09.15-19.55.02:858][792]LogModuleManager: Shutting down and abandoning module Overlay (216)
[2017.09.15-19.55.02:858][792]LogModuleManager: Shutting down and abandoning module OverlayEditor (215)
[2017.09.15-19.55.02:873][792]LogModuleManager: Shutting down and abandoning module MediaAssets (212)
[2017.09.15-19.55.02:874][792]LogModuleManager: Shutting down and abandoning module VREditor (210)
[2017.09.15-19.55.02:919][792]LogModuleManager: Shutting down and abandoning module StringTableEditor (208)
[2017.09.15-19.55.02:979][792]LogModuleManager: Shutting down and abandoning module GameplayTasksEditor (206)
[2017.09.15-19.55.02:979][792]LogModuleManager: Shutting down and abandoning module BehaviorTreeEditor (204)
[2017.09.15-19.55.03:211][792]LogModuleManager: Shutting down and abandoning module FunctionalTesting (202)
[2017.09.15-19.55.03:264][792]LogModuleManager: Shutting down and abandoning module CollisionAnalyzer (200)
[2017.09.15-19.55.03:304][792]LogModuleManager: Shutting down and abandoning module WorkspaceMenuStructure (199)
[2017.09.15-19.55.03:494][792]LogModuleManager: Shutting down and abandoning module UMG (196)
[2017.09.15-19.55.03:562][792]LogModuleManager: Shutting down and abandoning module UMGEditor (195)
[2017.09.15-19.55.03:624][792]LogModuleManager: Shutting down and abandoning module Sequencer (194)
[2017.09.15-19.55.03:749][792]LogModuleManager: Shutting down and abandoning module MessageLog (191)
[2017.09.15-19.55.03:772][792]LogModuleManager: Shutting down and abandoning module SlateReflector (186)
[2017.09.15-19.55.03:925][792]LogModuleManager: Shutting down and abandoning module Slate (184)
[2017.09.15-19.55.03:925][792]LogModuleManager: Shutting down and abandoning module EditorStyle (182)
[2017.09.15-19.55.03:960][792]LogModuleManager: Shutting down and abandoning module MRMesh (180)
[2017.09.15-19.55.03:960][792]LogModuleManager: Shutting down and abandoning module SourceCodeAccess (178)
[2017.09.15-19.55.03:981][792]LogModuleManager: Shutting down and abandoning module HeadMountedDisplay (176)
[2017.09.15-19.55.04:001][792]LogModuleManager: Shutting down and abandoning module XAudio2 (174)
[2017.09.15-19.55.04:001][792]LogModuleManager: Shutting down and abandoning module Networking (172)
[2017.09.15-19.55.04:002][792]LogModuleManager: Shutting down and abandoning module Core (168)
[2017.09.15-19.55.04:002][792]LogModuleManager: Shutting down and abandoning module KismetCompiler (164)
[2017.09.15-19.55.04:002][792]LogModuleManager: Shutting down and abandoning module LevelSequence (162)
[2017.09.15-19.55.04:002][792]LogModuleManager: Shutting down and abandoning module MeshUtilities (160)
[2017.09.15-19.55.04:165][792]LogModuleManager: Shutting down and abandoning module MeshMergeUtilities (159)
[2017.09.15-19.55.04:524][792]LogModuleManager: Shutting down and abandoning module MeshReductionInterface (158)
[2017.09.15-19.55.04:524][792]LogModuleManager: Shutting down and abandoning module SimplygonSwarm (157)
[2017.09.15-19.55.04:609][792]LogModuleManager: Shutting down and abandoning module SimplygonMeshReduction (155)
[2017.09.15-19.55.04:701][792]LogModuleManager: Shutting down and abandoning module QuadricMeshReduction (153)
[2017.09.15-19.55.04:741][792]LogModuleManager: Shutting down and abandoning module MaterialBaking (149)
[2017.09.15-19.55.04:840][792]LogModuleManager: Shutting down and abandoning module DirectoryWatcher (146)
[2017.09.15-19.55.04:908][792]LogModuleManager: Shutting down and abandoning module DerivedDataCache (144)
[2017.09.15-19.55.04:960][792]LogDerivedDataCache: Shutdown
[2017.09.15-19.55.04:960][792]LogModuleManager: Shutting down and abandoning module TargetPlatform (142)
[2017.09.15-19.55.05:039][792]LogModuleManager: Shutting down and abandoning module VulkanShaderFormat (141)
[2017.09.15-19.55.05:092][792]LogModuleManager: Shutting down and abandoning module ShaderFormatVectorVM (139)
[2017.09.15-19.55.05:112][792]LogModuleManager: Shutting down and abandoning module ShaderFormatOpenGL (137)
[2017.09.15-19.55.05:117][792]LogModuleManager: Shutting down and abandoning module ShaderFormatD3D (135)
[2017.09.15-19.55.05:151][792]LogModuleManager: Shutting down and abandoning module MetalShaderFormat (133)
[2017.09.15-19.55.05:197][792]LogModuleManager: Shutting down and abandoning module TextureFormatUncompressed (131)
[2017.09.15-19.55.05:197][792]LogModuleManager: Shutting down and abandoning module TextureFormatPVR (129)
[2017.09.15-19.55.05:197][792]LogModuleManager: Shutting down and abandoning module TextureFormatDXT (127)
[2017.09.15-19.55.05:229][792]LogModuleManager: Shutting down and abandoning module TextureFormatIntelISPCTexComp (125)
[2017.09.15-19.55.05:244][792]LogModuleManager: Shutting down and abandoning module TextureFormatASTC (123)
[2017.09.15-19.55.05:245][792]LogModuleManager: Shutting down and abandoning module ImageWrapper (122)
[2017.09.15-19.55.05:245][792]LogModuleManager: Shutting down and abandoning module TextureFormatAndroid (119)
[2017.09.15-19.55.05:245][792]LogModuleManager: Shutting down and abandoning module AudioFormatOpus (117)
[2017.09.15-19.55.05:245][792]LogModuleManager: Shutting down and abandoning module AudioFormatOgg (115)
[2017.09.15-19.55.05:245][792]LogModuleManager: Shutting down and abandoning module AudioFormatADPCM (113)
[2017.09.15-19.55.05:245][792]LogModuleManager: Shutting down and abandoning module LinuxTargetPlatform (111)
[2017.09.15-19.55.05:255][792]LogModuleManager: Shutting down and abandoning module LinuxServerTargetPlatform (109)
[2017.09.15-19.55.05:255][792]LogModuleManager: Shutting down and abandoning module LinuxNoEditorTargetPlatform (107)
[2017.09.15-19.55.05:255][792]LogModuleManager: Shutting down and abandoning module LinuxClientTargetPlatform (105)
[2017.09.15-19.55.05:255][792]LogModuleManager: Shutting down and abandoning module TVOSTargetPlatform (103)
[2017.09.15-19.55.05:256][792]LogModuleManager: Shutting down and abandoning module Messaging (101)
[2017.09.15-19.55.05:256][792]LogModuleManager: Shutting down and abandoning module IOSTargetPlatform (99)
[2017.09.15-19.55.05:256][792]LogModuleManager: Shutting down and abandoning module HTML5TargetPlatform (97)
[2017.09.15-19.55.05:256][792]LogModuleManager: Shutting down and abandoning module Android_PVRTCTargetPlatform (95)
[2017.09.15-19.55.05:256][792]LogModuleManager: Shutting down and abandoning module Android_MultiTargetPlatform (93)
[2017.09.15-19.55.05:256][792]LogModuleManager: Shutting down and abandoning module Android_ETC2TargetPlatform (91)
[2017.09.15-19.55.05:256][792]LogModuleManager: Shutting down and abandoning module Android_ETC1TargetPlatform (89)
[2017.09.15-19.55.05:256][792]LogModuleManager: Shutting down and abandoning module Android_DXTTargetPlatform (87)
[2017.09.15-19.55.05:265][792]LogModuleManager: Shutting down and abandoning module Android_ATCTargetPlatform (85)
[2017.09.15-19.55.05:265][792]LogModuleManager: Shutting down and abandoning module Android_ASTCTargetPlatform (83)
[2017.09.15-19.55.05:266][792]LogModuleManager: Shutting down and abandoning module AndroidTargetPlatform (81)
[2017.09.15-19.55.05:266][792]LogModuleManager: Shutting down and abandoning module WindowsTargetPlatform (79)
[2017.09.15-19.55.05:266][792]LogModuleManager: Shutting down and abandoning module WindowsServerTargetPlatform (77)
[2017.09.15-19.55.05:266][792]LogModuleManager: Shutting down and abandoning module WindowsNoEditorTargetPlatform (75)
[2017.09.15-19.55.05:266][792]LogModuleManager: Shutting down and abandoning module WindowsClientTargetPlatform (73)
[2017.09.15-19.55.05:266][792]LogModuleManager: Shutting down and abandoning module MacTargetPlatform (71)
[2017.09.15-19.55.05:266][792]LogModuleManager: Shutting down and abandoning module MacServerTargetPlatform (69)
[2017.09.15-19.55.05:266][792]LogModuleManager: Shutting down and abandoning module MacNoEditorTargetPlatform (67)
[2017.09.15-19.55.05:266][792]LogModuleManager: Shutting down and abandoning module MacClientTargetPlatform (65)
[2017.09.15-19.55.05:266][792]LogModuleManager: Shutting down and abandoning module AllDesktopTargetPlatform (63)
[2017.09.15-19.55.05:266][792]LogModuleManager: Shutting down and abandoning module InputCore (60)
[2017.09.15-19.55.05:266][792]LogModuleManager: Shutting down and abandoning module Settings (58)
[2017.09.15-19.55.05:317][792]LogModuleManager: Shutting down and abandoning module PhysXCooking (56)
[2017.09.15-19.55.05:317][792]LogModuleManager: Shutting down and abandoning module SteamVR (54)
[2017.09.15-19.55.05:317][792]LogModuleManager: Shutting down and abandoning module OculusHMD (52)
[2017.09.15-19.55.05:342][792]LogModuleManager: Shutting down and abandoning module ExampleDeviceProfileSelector (50)
[2017.09.15-19.55.05:343][792]LogModuleManager: Shutting down and abandoning module OnlineBlueprintSupport (48)
[2017.09.15-19.55.05:343][792]LogModuleManager: Shutting down and abandoning module OnlineSubsystem (44)
[2017.09.15-19.55.05:343][792]LogOnline: Display: Unloading online subsystem: NULL
[2017.09.15-19.55.05:403][792]LogModuleManager: Shutting down and abandoning module XMPP (43)
[2017.09.15-19.55.05:412][792]LogModuleManager: Shutting down and abandoning module HTTP (41)
[2017.09.15-19.55.05:412][792]LogHttp: Display: Http module shutting down, but needs to wait on 1 outstanding Http requests:
[2017.09.15-19.55.05:417][792]LogHttp: Display: 	verb=[POST] url=[https://datarouter.ol.epicgames.com/datarouter/api/v1/public/data?SessionID=%7B20C2637A-4151-9A90-2E3D-C3A055737DA5%7D&AppID=UEEditor.Rocket.Release&AppVersion=4.17.1-3586342%2B%2B%2BUE4%2BRelease-4.17&UserID=ad57c17540f9596880ea5dbc6f3a5d1f%7C6ebe39cd3b6e4b3a80431b01e749e717%7C31d52242-bad1-45cd-a00b-3ad427852f3c&AppEnvironment=datacollector-binary&UploadType=eteventstream] status=Processing
[2017.09.15-19.55.05:520][792]LogModuleManager: Shutting down and abandoning module SSL (40)
[2017.09.15-19.55.05:564][792]LogModuleManager: Shutting down and abandoning module AnimationModifiers (36)
[2017.09.15-19.55.05:667][792]LogModuleManager: Shutting down and abandoning module PropertyEditor (35)
[2017.09.15-19.55.05:871][792]LogModuleManager: Shutting down and abandoning module AudioEditor (32)
[2017.09.15-19.55.05:928][792]LogModuleManager: Shutting down and abandoning module TextureCompressor (30)
[2017.09.15-19.55.05:937][792]LogModuleManager: Shutting down and abandoning module ShaderCore (28)
[2017.09.15-19.55.05:937][792]LogModuleManager: Shutting down and abandoning module Landscape (26)
[2017.09.15-19.55.05:937][792]LogModuleManager: Shutting down and abandoning module SlateRHIRenderer (24)
[2017.09.15-19.55.05:964][792]LogModuleManager: Shutting down and abandoning module OpenGLDrv (22)
[2017.09.15-19.55.05:987][792]LogModuleManager: Shutting down and abandoning module D3D11RHI (20)
[2017.09.15-19.55.05:987][792]LogModuleManager: Shutting down and abandoning module AnimGraphRuntime (18)
[2017.09.15-19.55.06:000][792]LogModuleManager: Shutting down and abandoning module Renderer (16)
[2017.09.15-19.55.06:000][792]LogModuleManager: Shutting down and abandoning module Engine (14)
[2017.09.15-19.55.06:008][792]LogModuleManager: Shutting down and abandoning module CoreUObject (12)
[2017.09.15-19.55.06:008][792]LogModuleManager: Shutting down and abandoning module NetworkFile (10)
[2017.09.15-19.55.06:018][792]LogModuleManager: Shutting down and abandoning module CookedIterativeFile (8)
[2017.09.15-19.55.06:018][792]LogModuleManager: Shutting down and abandoning module StreamingFile (6)
[2017.09.15-19.55.06:023][792]LogModuleManager: Shutting down and abandoning module SandboxFile (4)
[2017.09.15-19.55.06:033][792]LogModuleManager: Shutting down and abandoning module PakFile (2)
[2017.09.15-19.55.06:115][792]LogExit: Exiting.
[2017.09.15-19.55.06:757][792]Log file closed, 09/15/17 12:55:06
