Log file open, 09/14/17 12:59:47
LogWindows: LoadLibraryWithSearchPaths failed for file aqProf.dll. GetLastError=0
LogWindows: LoadLibraryWithSearchPaths failed for file VtuneApi.dll. GetLastError=0
LogWindows: LoadLibraryWithSearchPaths failed for file VtuneApi32e.dll. GetLastError=0
LogInit: Display: Running engine for game: MyProject
LogPlatformFile: Not using cached read wrapper
LogInit: Display: RandInit(1783207465) SRandInit(1783207465).
LogTaskGraph: Started task graph with 5 named threads and 14 total threads with 3 sets of task threads.
LogStats: Stats thread started at 0.872729
LogD3D11RHI: Aftermath initialized
LogPluginManager: Mounting plugin Paper2D
LogPluginManager: Mounting plugin LightPropagationVolume
LogPluginManager: Mounting plugin CodeLiteSourceCodeAccess
LogPluginManager: Mounting plugin GitSourceControl
LogPluginManager: Mounting plugin KDevelopSourceCodeAccess
LogPluginManager: Mounting plugin NullSourceCodeAccess
LogPluginManager: Mounting plugin PerforceSourceControl
LogPluginManager: Mounting plugin SubversionSourceControl
LogPluginManager: Mounting plugin UObjectPlugin
LogPluginManager: Mounting plugin VisualStudioSourceCodeAccess
LogPluginManager: Mounting plugin XCodeSourceCodeAccess
LogPluginManager: Mounting plugin AssetManagerEditor
LogPluginManager: Mounting plugin AudioCapture
LogPluginManager: Mounting plugin FacialAnimation
LogPluginManager: Mounting plugin GameplayTagsEditor
LogPluginManager: Mounting plugin MobileLauncherProfileWizard
LogPluginManager: Mounting plugin PluginBrowser
LogPluginManager: Mounting plugin SpeedTreeImporter
LogPluginManager: Mounting plugin AlembicImporter
LogPluginManager: Mounting plugin CharacterAI
LogPluginManager: Mounting plugin HTML5Networking
LogPluginManager: Mounting plugin AndroidMedia
LogPluginManager: Mounting plugin AvfMedia
LogPluginManager: Mounting plugin MediaPlayerEditor
LogPluginManager: Mounting plugin WmfMedia
LogPluginManager: Mounting plugin TcpMessaging
LogPluginManager: Mounting plugin UdpMessaging
LogPluginManager: Mounting plugin LevelSequenceEditor
LogPluginManager: Mounting plugin MatineeToLevelSequence
LogPluginManager: Mounting plugin OnlineSubsystemGooglePlay
LogPluginManager: Mounting plugin OnlineSubsystemIOS
LogPluginManager: Mounting plugin OnlineSubsystem
LogPluginManager: Mounting plugin OnlineSubsystemNull
LogPluginManager: Mounting plugin OnlineSubsystemUtils
LogPluginManager: Mounting plugin AndroidDeviceProfileSelector
LogPluginManager: Mounting plugin AndroidMoviePlayer
LogPluginManager: Mounting plugin AndroidPermission
LogPluginManager: Mounting plugin AppleMoviePlayer
LogPluginManager: Mounting plugin ArchVisCharacter
LogPluginManager: Mounting plugin CableComponent
LogPluginManager: Mounting plugin CustomMeshComponent
LogPluginManager: Mounting plugin ExampleDeviceProfileSelector
LogPluginManager: Mounting plugin GoogleCloudMessaging
LogPluginManager: Mounting plugin ImmediatePhysics
LogPluginManager: Mounting plugin IOSDeviceProfileSelector
LogPluginManager: Mounting plugin LinuxDeviceProfileSelector
LogPluginManager: Mounting plugin LocationServicesBPLibrary
LogPluginManager: Mounting plugin MobilePatchingUtils
LogPluginManager: Mounting plugin OculusVR
LogPluginManager: Mounting plugin PhysXVehicles
LogPluginManager: Mounting plugin ProceduralMeshComponent
LogPluginManager: Mounting plugin RuntimePhysXCooking
LogPluginManager: Mounting plugin SteamVR
LogPluginManager: Mounting plugin WindowsMoviePlayer
LogInit: Using libcurl 7.47.1
LogInit:  - built for x86_64-pc-win32
LogInit:  - supports SSL with OpenSSL/1.0.2g
LogInit:  - supports HTTP deflate (compression) using libz 1.2.8
LogInit:  - other features:
LogInit:      CURL_VERSION_SSL
LogInit:      CURL_VERSION_LIBZ
LogInit:      CURL_VERSION_IPV6
LogInit:      CURL_VERSION_ASYNCHDNS
LogInit:      CURL_VERSION_LARGEFILE
LogInit:      CURL_VERSION_IDN
LogInit:  CurlRequestOptions (configurable via config and command line):
LogInit:  - bVerifyPeer = false  - Libcurl will NOT verify peer certificate
LogInit:  - bUseHttpProxy = false  - Libcurl will NOT use HTTP proxy
LogInit:  - bDontReuseConnections = false  - Libcurl will reuse connections
LogInit:  - CertBundlePath = nullptr  - Libcurl will use whatever was configured at build time.
LogInit: Build: ++UE4+Release-4.17-CL-3586342
LogInit: Engine Version: 4.17.1-3586342+++UE4+Release-4.17
LogInit: Compatible Engine Version: 4.17.0-3573198+++UE4+Release-4.17
LogInit: Net CL: 3573198
LogDevObjectVersion: Number of dev versions registered: 16
LogDevObjectVersion:   Dev-Blueprints (B0D832E4-1F89-4F0D-ACCF-7EB736FD4AA2): 10
LogDevObjectVersion:   Dev-Build (E1C64328-A22C-4D53-A36C-8E866417BD8C): 0
LogDevObjectVersion:   Dev-Core (375EC13C-06E4-48FB-B500-84F0262A717E): 2
LogDevObjectVersion:   Dev-Editor (E4B068ED-F494-42E9-A231-DA0B2E46BB41): 20
LogDevObjectVersion:   Dev-Framework (CFFC743F-43B0-4480-9391-14DF171D2073): 28
LogDevObjectVersion:   Dev-Mobile (B02B49B5-BB20-44E9-A304-32B752E40360): 0
LogDevObjectVersion:   Dev-Networking (A4E4105C-59A1-49B5-A7C5-40C4547EDFEE): 0
LogDevObjectVersion:   Dev-Online (39C831C9-5AE6-47DC-9A44-9C173E1C8E7C): 0
LogDevObjectVersion:   Dev-Physics (78F01B33-EBEA-4F98-B9B4-84EACCB95AA2): 0
LogDevObjectVersion:   Dev-Platform (6631380F-2D4D-43E0-8009-CF276956A95A): 0
LogDevObjectVersion:   Dev-Rendering (12F88B9F-8875-4AFC-A67C-D90C383ABD29): 19
LogDevObjectVersion:   Dev-Sequencer (7B5AE74C-D270-4C10-A958-57980B212A5A): 4
LogDevObjectVersion:   Dev-VR (D7296918-1DD6-4BDD-9DE2-64A83CC13884): 0
LogDevObjectVersion:   Dev-LoadTimes (C2A15278-BFE7-4AFE-6C17-90FF531DF755): 1
LogDevObjectVersion:   Private-Geometry (6EACA3D4-40EC-4CC1-B786-8BED09428FC5): 1
LogDevObjectVersion:   Dev-AnimPhys (29E575DD-E0A3-4627-9D10-D276232CDCEA): 7
LogInit: Compiled (64-bit): Aug 15 2017 02:05:26
LogInit: Compiled with Visual C++: 19.00.24215.01
LogInit: Build Configuration: Development
LogInit: Branch Name: ++UE4+Release-4.17
LogInit: Command line:  
LogInit: Base directory: C:/Program Files/Epic Games/UE_4.17/Engine/Binaries/Win64/
LogInit: Installed Engine Build: 1
LogInit: Presizing for max 8388607 objects, including 0 objects not considered by GC, pre-allocating 0 bytes for permanent pool.
LogInit: Object subsystem initialized
[2017.09.14-19.59.49:665][  0]LogInit: Selected Device Profile: [Windows]
[2017.09.14-19.59.49:665][  0]LogInit: Applying CVar settings loaded from the selected device profile: [Windows]
[2017.09.14-19.59.49:968][  0]LogInit: Computer: SAWYER-PC
[2017.09.14-19.59.49:968][  0]LogInit: User: Sawyer
[2017.09.14-19.59.49:968][  0]LogInit: CPU Page size=4096, Cores=4
[2017.09.14-19.59.49:968][  0]LogInit: High frequency timer resolution =2.728059 MHz
[2017.09.14-19.59.49:969][  0]LogMemory: Memory total: Physical=7.9GB (8GB approx)
[2017.09.14-19.59.49:969][  0]LogMemory: Platform Memory Stats for Windows
[2017.09.14-19.59.49:969][  0]LogMemory: Process Physical Memory: 280.25 MB used, 280.25 MB peak
[2017.09.14-19.59.49:969][  0]LogMemory: Process Virtual Memory: 286.34 MB used, 286.34 MB peak
[2017.09.14-19.59.49:969][  0]LogMemory: Physical Memory: 4472.73 MB used,  3635.52 MB free, 8108.25 MB total
[2017.09.14-19.59.49:969][  0]LogMemory: Virtual Memory: 681.05 MB used,  3635.52 MB free, 134217728.00 MB total
[2017.09.14-19.59.54:111][  0]LogInit: Using OS detected language (en-US).
[2017.09.14-19.59.54:111][  0]LogInit: Using OS detected locale (en-US).
[2017.09.14-19.59.54:522][  0]LogTextLocalizationManager: No specific localization for 'en-US' exists, so the 'en' localization will be used.
[2017.09.14-20.00.13:442][  0]LogD3D11RHI: D3D11 adapters:
[2017.09.14-20.00.15:316][  0]LogD3D11RHI:    0. 'NVIDIA GeForce GTX 860M' (Feature Level 11_0)
[2017.09.14-20.00.15:316][  0]LogD3D11RHI:       2019/0/4054 MB DedicatedVideo/DedicatedSystem/SharedSystem, Outputs:2, VendorId:0x10de
[2017.09.14-20.00.15:322][  0]LogD3D11RHI:    1. 'Intel(R) HD Graphics 4600' (Feature Level 11_0)
[2017.09.14-20.00.15:322][  0]LogD3D11RHI:       112/0/2048 MB DedicatedVideo/DedicatedSystem/SharedSystem, Outputs:0, VendorId:0x8086
[2017.09.14-20.00.15:379][  0]LogD3D11RHI:    2. 'Microsoft Basic Render Driver' (Feature Level 11_0)
[2017.09.14-20.00.15:379][  0]LogD3D11RHI:       0/0/4054 MB DedicatedVideo/DedicatedSystem/SharedSystem, Outputs:0, VendorId:0x1414
[2017.09.14-20.00.15:379][  0]LogD3D11RHI: Chosen D3D11 Adapter: 0
[2017.09.14-20.00.15:416][  0]LogD3D11RHI: Creating new Direct3DDevice
[2017.09.14-20.00.15:416][  0]LogD3D11RHI:     GPU DeviceId: 0x1392 (for the marketing name, search the web for "GPU Device Id")
[2017.09.14-20.00.15:416][  0]LogWindows: EnumDisplayDevices:
[2017.09.14-20.00.15:416][  0]LogWindows:    0. 'Intel(R) HD Graphics 4600' (P:1 D:1)
[2017.09.14-20.00.15:417][  0]LogWindows:    1. 'Intel(R) HD Graphics 4600' (P:0 D:1)
[2017.09.14-20.00.15:417][  0]LogWindows:    2. 'Intel(R) HD Graphics 4600' (P:0 D:0)
[2017.09.14-20.00.15:417][  0]LogWindows: DebugString: PrimaryIsNotTheChoosenAdapter PrimaryIsNotTheChoosenAdapter PrimaryIsNotTheChoosenAdapter FoundDriverCount:0 
[2017.09.14-20.00.15:417][  0]LogD3D11RHI:     Adapter Name: NVIDIA GeForce GTX 860M
[2017.09.14-20.00.15:417][  0]LogD3D11RHI:   Driver Version: Unknown (internal:Unknown, unified:Unknown)
[2017.09.14-20.00.15:417][  0]LogD3D11RHI:      Driver Date: Unknown
[2017.09.14-20.00.15:417][  0]LogRHI: Texture pool is 1361 MB (70% of 1945 MB)
[2017.09.14-20.00.16:022][  0]LogD3D11RHI: Async texture creation enabled
[2017.09.14-20.00.16:323][  0]LogD3D11RHI: GPU Timing Frequency: 1000.000000 (Debug: 2 1)
[2017.09.14-20.00.16:324][  0]LogShaderCompilers: Guid format shader working directory is -26 characters bigger than the processId version (../../../../../../Users/Sawyer/Desktop/supercoolawesomegameever/MyProject/Intermediate/Shaders/WorkingDirectory/4636/).
[2017.09.14-20.00.16:324][  0]LogShaderCompilers: Cleaned the shader compiler working directory 'C:/Users/Sawyer/AppData/Local/Temp/UnrealShaderWorkingDir/682B502F4D34D0E8F76E86BE1DF2A0C4/'.
[2017.09.14-20.00.16:324][  0]LogShaderCompilers: Display: Using Local Shader Compiler.
[2017.09.14-20.00.50:301][  0]LogTemp: Display: Loaded TP AllDesktopTargetPlatform
[2017.09.14-20.00.50:367][  0]LogTemp: Display: Loaded TP MacClientTargetPlatform
[2017.09.14-20.00.50:438][  0]LogTemp: Display: Loaded TP MacNoEditorTargetPlatform
[2017.09.14-20.00.50:508][  0]LogTemp: Display: Loaded TP MacServerTargetPlatform
[2017.09.14-20.00.50:618][  0]LogTemp: Display: Loaded TP MacTargetPlatform
[2017.09.14-20.00.50:691][  0]LogTemp: Display: Loaded TP WindowsClientTargetPlatform
[2017.09.14-20.00.50:761][  0]LogTemp: Display: Loaded TP WindowsNoEditorTargetPlatform
[2017.09.14-20.00.50:837][  0]LogTemp: Display: Loaded TP WindowsServerTargetPlatform
[2017.09.14-20.00.50:938][  0]LogTemp: Display: Loaded TP WindowsTargetPlatform
[2017.09.14-20.00.51:045][  0]LogTemp: Display: Loaded TP AndroidTargetPlatform
[2017.09.14-20.00.51:123][  0]LogTemp: Display: Loaded TP Android_ASTCTargetPlatform
[2017.09.14-20.00.51:196][  0]LogTemp: Display: Loaded TP Android_ATCTargetPlatform
[2017.09.14-20.00.51:265][  0]LogTemp: Display: Loaded TP Android_DXTTargetPlatform
[2017.09.14-20.00.51:337][  0]LogTemp: Display: Loaded TP Android_ETC1TargetPlatform
[2017.09.14-20.00.51:438][  0]LogTemp: Display: Loaded TP Android_ETC2TargetPlatform
[2017.09.14-20.00.51:581][  0]LogTemp: Display: Loaded TP Android_MultiTargetPlatform
[2017.09.14-20.00.51:581][  0]LogTemp: Display: Loaded TP Android_PVRTCTargetPlatform
[2017.09.14-20.00.51:723][  0]LogTemp: Display: Loaded TP HTML5TargetPlatform
[2017.09.14-20.00.51:934][  0]LogTemp: Display: Loaded TP IOSTargetPlatform
[2017.09.14-20.00.51:982][  0]LogTemp: Display: Loaded TP TVOSTargetPlatform
[2017.09.14-20.00.52:096][  0]LogTemp: Display: Loaded TP LinuxClientTargetPlatform
[2017.09.14-20.00.52:180][  0]LogTemp: Display: Loaded TP LinuxNoEditorTargetPlatform
[2017.09.14-20.00.52:253][  0]LogTemp: Display: Loaded TP LinuxServerTargetPlatform
[2017.09.14-20.00.52:334][  0]LogTemp: Display: Loaded TP LinuxTargetPlatform
[2017.09.14-20.00.52:353][  0]LogTargetPlatformManager: Display: Building Assets For Windows
[2017.09.14-20.00.55:453][  0]LogDerivedDataCache: Display: Max Cache Size: 512 MB
[2017.09.14-20.01.02:067][  0]LogDerivedDataCache: Loaded boot cache 6.60s 93MB C:/Users/Sawyer/AppData/Local/UnrealEngine/4.17/DerivedDataCache/Boot.ddc.
[2017.09.14-20.01.02:067][  0]LogDerivedDataCache: Display: Loaded Boot cache: C:/Users/Sawyer/AppData/Local/UnrealEngine/4.17/DerivedDataCache/Boot.ddc
[2017.09.14-20.01.02:067][  0]LogDerivedDataCache: FDerivedDataBackendGraph:  Pak pak cache file ../../../../../../Users/Sawyer/Desktop/supercoolawesomegameever/MyProject/DerivedDataCache/DDC.ddp not found, will not use a pak cache.
[2017.09.14-20.01.02:067][  0]LogDerivedDataCache: Unable to find inner node Pak for hierarchical cache Hierarchy.
[2017.09.14-20.01.02:067][  0]LogDerivedDataCache: FDerivedDataBackendGraph:  CompressedPak pak cache file ../../../../../../Users/Sawyer/Desktop/supercoolawesomegameever/MyProject/DerivedDataCache/Compressed.ddp not found, will not use a pak cache.
[2017.09.14-20.01.02:067][  0]LogDerivedDataCache: Unable to find inner node CompressedPak for hierarchical cache Hierarchy.
[2017.09.14-20.01.02:218][  0]LogDerivedDataCache: Display: Pak cache opened for reading ../../../Engine/DerivedDataCache/Compressed.ddp.
[2017.09.14-20.01.02:316][  0]LogDerivedDataCache: Using Local data cache path C:/Users/Sawyer/AppData/Local/UnrealEngine/Common/DerivedDataCache: Writable
[2017.09.14-20.01.02:467][  0]LogMaterial: Verifying Global Shaders for PCD3D_SM5
[2017.09.14-20.01.02:606][  0]LogSlate: Using Freetype 2.6.0
[2017.09.14-20.01.02:859][  0]LogSlate: SlateFontCache - WITH_FREETYPE: 1, WITH_HARFBUZZ: 1
[2017.09.14-20.01.02:859][  0]LogSlate: SlateFontCache - WITH_FREETYPE: 1, WITH_HARFBUZZ: 1
[2017.09.14-20.01.46:732][  0]LogAssetRegistry: FAssetRegistry took 0.0588 seconds to start up
[2017.09.14-20.01.49:517][  0]LogInit: Selected Device Profile: [Windows]
[2017.09.14-20.01.58:399][  0]LogSimplygon: Simplygon DLL not present - disabling.
[2017.09.14-20.01.58:524][  0]LogMeshReduction: Using SimplygonSwarm for distributed automatic mesh merging
[2017.09.14-20.01.58:602][  0]LogMeshReduction: Using QuadricMeshReduction for automatic static mesh reduction
[2017.09.14-20.01.58:602][  0]LogMeshReduction: No automatic skeletal mesh reduction module available
[2017.09.14-20.01.58:602][  0]LogMeshReduction: No automatic mesh merging module available
[2017.09.14-20.01.58:602][  0]LogMeshMerging: No automatic mesh merging module available
[2017.09.14-20.01.59:472][  0]LogContentStreaming: Texture pool size is 0.00 MB
[2017.09.14-20.02.05:242][  0]LogNetVersion: MyProject , NetCL: 3573198, EngineNetVer: 2, GameNetVer: 0 (Checksum: 3113362612)
[2017.09.14-20.02.08:015][  0]LogPackageLocalizationCache: Processed 5 localized package path(s) for 2 prioritized culture(s) in 0.384523 seconds
[2017.09.14-20.02.08:060][  0]LogUObjectArray: 35825 objects as part of root set at end of initial load.
[2017.09.14-20.02.08:060][  0]LogUObjectAllocator: 7529104 out of 0 bytes used by permanent object pool.
[2017.09.14-20.02.08:060][  0]LogUObjectArray: CloseDisregardForGC: 0/0 objects in disregard for GC pool
[2017.09.14-20.02.08:211][  0]LogInit: WinSock: version 1.1 (2.2), MaxSocks=32767, MaxUdp=65467
[2017.09.14-20.02.36:148][  0]LogTcpMessaging: Initializing TcpMessaging bridge
[2017.09.14-20.02.36:196][  0]LogUdpMessaging: Initializing bridge on interface 0.0.0.0:0 to multicast group 230.0.0.1:6666.
[2017.09.14-20.02.38:765][  0]LogMaterial: Uniform references updated for custom material expression Custom.
[2017.09.14-20.02.40:717][  0]SourceControl: Source control is disabled
[2017.09.14-20.02.40:717][  0]SourceControl: Source control is disabled
[2017.09.14-20.02.40:841][  0]SourceControl: Source control is disabled
[2017.09.14-20.02.40:930][  0]SourceControl: Source control is disabled
[2017.09.14-20.02.42:321][  0]LogAndroidPermission: UAndroidPermissionCallbackProxy::GetInstance
[2017.09.14-20.02.42:873][  0]LogOcInput: OculusInput pre-init called
[2017.09.14-20.02.43:681][  0]LogEngine: Initializing Engine...
[2017.09.14-20.02.43:751][  0]LogHMD: Failed to initialize OpenVR with code 110
[2017.09.14-20.02.45:778][  0]LogStats: UGameplayTagsManager::ConstructGameplayTagTree: Construct from data asset -  0.000 s
[2017.09.14-20.02.45:779][  0]LogStats: UGameplayTagsManager::ConstructGameplayTagTree: GameplayTagTreeChangedEvent.Broadcast -  0.000 s
[2017.09.14-20.02.47:041][  0]LogAIModule: Creating AISystem for world Untitled
[2017.09.14-20.02.47:286][  0]LogInit: XAudio2 using 'Speakers (VIA HD Audio(Win 10))' : 2 channels at 48 kHz using 32 bits per sample (channel mask 0x3)
[2017.09.14-20.02.47:309][  0]LogInit: FAudioDevice initialized.
[2017.09.14-20.02.47:581][  0]LogDerivedDataCache: Saved boot cache 0.26s 93MB C:/Users/Sawyer/AppData/Local/UnrealEngine/4.17/DerivedDataCache/Boot.ddc.
[2017.09.14-20.02.47:597][  0]LogInit: Texture streaming: Enabled
[2017.09.14-20.02.47:915][  0]LogEngineSessionManager: EngineSessionManager initialized
[2017.09.14-20.02.49:933][  0]LogInit: Transaction tracking system initialized
[2017.09.14-20.02.51:936][  0]BlueprintLog: New page: Editor Load
[2017.09.14-20.02.57:346][  0]LocalizationService: Localization service is disabled
[2017.09.14-20.03.03:076][  0]LogConsoleResponse: Display: 
[2017.09.14-20.03.08:899][  0]LogFileCache: Scanning file cache for directory 'C:/Users/Sawyer/Desktop/supercoolawesomegameever/MyProject/Content/' took 0.09s
[2017.09.14-20.03.08:899][  0]LogCook: Display: Max memory allowance for cook 16384mb min free memory 0mb
[2017.09.14-20.03.08:930][  0]LogCook: Display: Mobile HDR setting 1
[2017.09.14-20.03.09:008][  0]LogGameplayTags: Display: UGameplayTagsManager::DoneAddingNativeTags. DelegateIsBound: 0
[2017.09.14-20.03.14:661][  0]SourceControl: Source control is disabled
[2017.09.14-20.03.14:862][  0]Cmd: MAP LOAD FILE="../../../Engine/Content/Maps/Templates/Template_Default.umap" TEMPLATE=1 SHOWPROGRESS=1 FEATURELEVEL=3
[2017.09.14-20.03.15:079][  0]LightingResults: New page: Lighting Build
[2017.09.14-20.03.16:062][  0]MapCheck: New page: Map Check
[2017.09.14-20.03.16:062][  0]LightingResults: New page: Lighting Build
[2017.09.14-20.03.21:078][  0]LogAIModule: Creating AISystem for world Untitled_1
[2017.09.14-20.03.23:008][  0]LogEditorServer: Finished looking for orphan Actors (0.000 secs)
[2017.09.14-20.03.23:395][  0]Cmd: MAP CHECKDEP NOCLEARLOG
[2017.09.14-20.03.23:474][  0]MapCheck: Map check complete: 0 Error(s), 0 Warning(s), took 79.525ms to complete.
[2017.09.14-20.03.23:474][  0]LogFileHelpers: Loading map 'Template_Default' took 8.723
[2017.09.14-20.03.29:861][  0]LogCollectionManager: Loaded 0 collections in 0.002146 seconds
[2017.09.14-20.03.30:594][  0]LogFileCache: Scanning file cache for directory 'C:/Users/Sawyer/Desktop/supercoolawesomegameever/MyProject/Saved/Collections/' took 0.01s
[2017.09.14-20.03.30:594][  0]LogFileCache: Scanning file cache for directory 'C:/Users/Sawyer/Desktop/supercoolawesomegameever/MyProject/Content/Developers/Sawyer/Collections/' took 0.01s
[2017.09.14-20.03.30:594][  0]LogFileCache: Scanning file cache for directory 'C:/Users/Sawyer/Desktop/supercoolawesomegameever/MyProject/Content/Collections/' took 0.01s
[2017.09.14-20.03.30:594][  0]LogCollectionManager: Rebuilt the GUID cache for 0 collections in 0.000000 seconds
[2017.09.14-20.03.30:897][  0]LogContentBrowser: Native class hierarchy populated in 0.2026 seconds. Added 2387 classes and 502 folders.
[2017.09.14-20.03.31:446][  0]LogContentBrowser: Native class hierarchy updated for 'WidgetCarousel' in 0.0016 seconds. Added 0 classes and 0 folders.
[2017.09.14-20.03.34:654][  0]LogContentBrowser: Native class hierarchy updated for 'AddContentDialog' in 0.0019 seconds. Added 0 classes and 0 folders.
[2017.09.14-20.03.35:068][  0]LogContentBrowser: Native class hierarchy updated for 'SceneOutliner' in 0.0017 seconds. Added 1 classes and 2 folders.
[2017.09.14-20.03.42:338][  0]LogSlate: Took 0.210714 seconds to synchronously load lazily loaded font '../../../Engine/Content/Slate/Fonts/Roboto-Regular.ttf' (155K)
[2017.09.14-20.03.42:733][  0]LogSlate: Took 0.053618 seconds to synchronously load lazily loaded font '../../../Engine/Content/Slate/Fonts/Roboto-Bold.ttf' (160K)
[2017.09.14-20.03.43:515][  0]LogSlate: Took 0.066565 seconds to synchronously load lazily loaded font '../../../Engine/Content/Editor/Slate/Fonts/FontAwesome.ttf' (139K)
[2017.09.14-20.03.48:360][  0]LogRenderer: Reallocating scene render targets to support 1208x576 Format 10 NumSamples 1 (Frame:1).
[2017.09.14-20.04.02:001][  0]LogContentBrowser: Native class hierarchy updated for 'HierarchicalLODOutliner' in 0.0018 seconds. Added 1 classes and 2 folders.
[2017.09.14-20.04.02:001][  0]LogLoad: (Engine Initialization) Total time: 275.38 seconds
[2017.09.14-20.04.02:001][  0]LogLoad: (Engine Initialization) Total Blueprint compile time: 0.00 seconds
[2017.09.14-20.04.02:093][  0]LogExternalProfiler: Found external profiler: VSPerf
[2017.09.14-20.04.02:093][  0]LogExternalProfiler: Using external profiler: VSPerf
[2017.09.14-20.04.04:223][  0]LogContentStreaming: Texture pool size now 1000 MB
[2017.09.14-20.04.06:303][  2]LogAssetRegistry: Asset discovery search completed in 139.6100 seconds
[2017.09.14-20.04.06:374][  2]LogCollectionManager: Rebuilt the object cache for 0 collections in 0.000001 seconds (found 0 objects)
[2017.09.14-20.04.06:374][  2]LogCollectionManager: Fixed up redirectors for 0 collections in 0.000875 seconds (updated 0 objects)
[2017.09.14-20.15.25:627][429]LogSlate: Took 0.034001 seconds to synchronously load lazily loaded font '../../../Engine/Content/Slate/Fonts/Roboto-Light.ttf' (159K)
[2017.09.14-20.15.31:409][759]LogSlate: Took 0.000160 seconds to synchronously load lazily loaded font '../../../Engine/Content/Slate/Fonts/Roboto-Light.ttf' (159K)
[2017.09.14-20.15.31:931][759]LogAIModule: Creating AISystem for world Level_1
[2017.09.14-20.15.32:130][759]Cmd: MAP LOAD FILE="../../../../../../Users/Sawyer/Desktop/supercoolawesomegameever/MyProject/Content/Level_1.umap" TEMPLATE=0 SHOWPROGRESS=1 FEATURELEVEL=3
[2017.09.14-20.15.32:130][759]LightingResults: New page: Lighting Build
[2017.09.14-20.15.32:131][759]LoadErrors: New page: Loading map: Level_1.umap
[2017.09.14-20.15.32:192][759]MapCheck: New page: Map Check
[2017.09.14-20.15.32:192][759]LightingResults: New page: Lighting Build
[2017.09.14-20.15.33:342][759]LogEditorServer: Finished looking for orphan Actors (0.000 secs)
[2017.09.14-20.15.33:425][759]Cmd: MAP CHECKDEP NOCLEARLOG
[2017.09.14-20.15.33:426][759]LogSlate: Took 0.000155 seconds to synchronously load lazily loaded font '../../../Engine/Content/Slate/Fonts/Roboto-Regular.ttf' (155K)
[2017.09.14-20.15.33:486][759]MapCheck: Map check complete: 0 Error(s), 0 Warning(s), took 60.001ms to complete.
[2017.09.14-20.15.33:486][759]LogFileHelpers: Loading map 'Level_1' took 1.434
[2017.09.14-20.15.43:034][273]LogAIModule: Creating AISystem for world Untitled
[2017.09.14-20.15.43:071][273]Cmd: MAP LOAD FILE="../../../../../../Users/Sawyer/Desktop/supercoolawesomegameever/MyProject/Content/Untitled.umap" TEMPLATE=0 SHOWPROGRESS=1 FEATURELEVEL=3
[2017.09.14-20.15.43:071][273]LightingResults: New page: Lighting Build
[2017.09.14-20.15.43:072][273]LoadErrors: New page: Loading map: Untitled.umap
[2017.09.14-20.15.43:087][273]MapCheck: New page: Map Check
[2017.09.14-20.15.43:088][273]LightingResults: New page: Lighting Build
[2017.09.14-20.15.43:191][273]LogEditorServer: Finished looking for orphan Actors (0.000 secs)
[2017.09.14-20.15.43:249][273]Cmd: MAP CHECKDEP NOCLEARLOG
[2017.09.14-20.15.43:322][273]MapCheck: Map check complete: 0 Error(s), 0 Warning(s), took 72.811ms to complete.
[2017.09.14-20.15.43:322][273]LogFileHelpers: Loading map 'Untitled' took 0.252
[2017.09.14-20.16.03:879][471]Cmd: SELECT NONE
[2017.09.14-20.16.05:736][489]LogWindowsTextInputMethodSystem: Display: IME system now deactivated.
[2017.09.14-20.16.07:505][490]Cmd: QUIT_EDITOR
[2017.09.14-20.16.09:908][490]LogExit: Preparing to exit.
[2017.09.14-20.16.11:832][490]LogDirectoryWatcher: A directory notification for 'C:/Users/Sawyer/Desktop/supercoolawesomegameever/MyProject/Content/' was aborted.
[2017.09.14-20.16.12:281][490]LogExit: Editor shut down
[2017.09.14-20.16.12:288][490]LogExit: Transaction tracking system shut down
[2017.09.14-20.16.13:128][490]LogDirectoryWatcher: A directory notification for '../../../Engine/Content/' was aborted.
[2017.09.14-20.16.13:128][490]LogDirectoryWatcher: A directory notification for '../../../../../../Users/Sawyer/Desktop/supercoolawesomegameever/MyProject/Content/' was aborted.
[2017.09.14-20.16.13:128][490]LogDirectoryWatcher: A directory notification for '../../../Engine/Plugins/2D/Paper2D/Content/' was aborted.
[2017.09.14-20.16.13:128][490]LogDirectoryWatcher: A directory notification for '../../../Engine/Plugins/Runtime/Oculus/OculusVR/Content/' was aborted.
[2017.09.14-20.16.13:128][490]LogDirectoryWatcher: A directory notification for '../../../Engine/Plugins/Runtime/Steam/SteamVR/Content/' was aborted.
[2017.09.14-20.16.15:212][490]LogExit: Object subsystem successfully closed.
[2017.09.14-20.16.15:396][490]LogD3D11RHI: Shutdown
[2017.09.14-20.16.15:406][490]LogD3D11RHI: CleanupD3DDevice
[2017.09.14-20.16.15:526][490]LogD3D11RHI: ~FD3D11DynamicRHI
[2017.09.14-20.16.16:454][490]LogModuleManager: Shutting down and abandoning module HierarchicalLODOutliner (532)
[2017.09.14-20.16.16:454][490]LogModuleManager: Shutting down and abandoning module SceneOutliner (530)
[2017.09.14-20.16.16:468][490]LogModuleManager: Shutting down and abandoning module AddContentDialog (528)
[2017.09.14-20.16.16:479][490]LogDirectoryWatcher: A directory notification for 'C:/Program Files/Epic Games/UE_4.17/FeaturePacks/' was aborted.
[2017.09.14-20.16.16:490][490]LogModuleManager: Shutting down and abandoning module WidgetCarousel (527)
[2017.09.14-20.16.16:490][490]LogModuleManager: Shutting down and abandoning module EditorWidgets (524)
[2017.09.14-20.16.16:490][490]LogModuleManager: Shutting down and abandoning module CollectionManager (522)
[2017.09.14-20.16.16:490][490]LogDirectoryWatcher: A directory notification for 'C:/Users/Sawyer/Desktop/supercoolawesomegameever/MyProject/Content/Collections/' was aborted.
[2017.09.14-20.16.16:490][490]LogDirectoryWatcher: A directory notification for 'C:/Users/Sawyer/Desktop/supercoolawesomegameever/MyProject/Content/Developers/Sawyer/Collections/' was aborted.
[2017.09.14-20.16.16:490][490]LogDirectoryWatcher: A directory notification for 'C:/Users/Sawyer/Desktop/supercoolawesomegameever/MyProject/Saved/Collections/' was aborted.
[2017.09.14-20.16.16:490][490]LogModuleManager: Shutting down and abandoning module StatsViewer (520)
[2017.09.14-20.16.16:495][490]LogModuleManager: Shutting down and abandoning module FoliageEdit (518)
[2017.09.14-20.16.16:495][490]LogModuleManager: Shutting down and abandoning module LandscapeEditor (516)
[2017.09.14-20.16.16:514][490]LogModuleManager: Shutting down and abandoning module MeshPaintMode (514)
[2017.09.14-20.16.16:514][490]LogModuleManager: Shutting down and abandoning module SceneDepthPickerMode (512)
[2017.09.14-20.16.16:514][490]LogModuleManager: Shutting down and abandoning module ActorPickerMode (510)
[2017.09.14-20.16.16:514][490]LogModuleManager: Shutting down and abandoning module GeometryMode (508)
[2017.09.14-20.16.16:514][490]LogModuleManager: Shutting down and abandoning module TextureAlignMode (506)
[2017.09.14-20.16.16:514][490]LogModuleManager: Shutting down and abandoning module BspMode (504)
[2017.09.14-20.16.16:525][490]LogModuleManager: Shutting down and abandoning module PIEPreviewDeviceProfileSelector (502)
[2017.09.14-20.16.16:525][490]LogModuleManager: Shutting down and abandoning module HardwareSurvey (500)
[2017.09.14-20.16.16:525][490]LogModuleManager: Shutting down and abandoning module SequenceRecorderSections (498)
[2017.09.14-20.16.16:539][490]LogModuleManager: Shutting down and abandoning module AutomationWorker (496)
[2017.09.14-20.16.16:550][490]LogModuleManager: Shutting down and abandoning module MatineeToLevelSequence (494)
[2017.09.14-20.16.16:562][490]LogModuleManager: Shutting down and abandoning module LevelSequenceEditor (492)
[2017.09.14-20.16.16:579][490]LogModuleManager: Shutting down and abandoning module PlacementMode (491)
[2017.09.14-20.16.16:579][490]LogModuleManager: Shutting down and abandoning module WmfMediaFactory (488)
[2017.09.14-20.16.16:579][490]LogModuleManager: Shutting down and abandoning module WmfMediaEditor (486)
[2017.09.14-20.16.16:579][490]LogModuleManager: Shutting down and abandoning module AvfMediaFactory (484)
[2017.09.14-20.16.16:579][490]LogModuleManager: Shutting down and abandoning module AvfMediaEditor (482)
[2017.09.14-20.16.16:579][490]LogModuleManager: Shutting down and abandoning module AndroidMediaFactory (480)
[2017.09.14-20.16.16:580][490]LogModuleManager: Shutting down and abandoning module Media (479)
[2017.09.14-20.16.16:580][490]LogModuleManager: Shutting down and abandoning module AndroidMediaEditor (476)
[2017.09.14-20.16.16:580][490]LogModuleManager: Shutting down and abandoning module CharacterAI (474)
[2017.09.14-20.16.16:580][490]LogModuleManager: Shutting down and abandoning module AudioCapture (472)
[2017.09.14-20.16.16:580][490]LogModuleManager: Shutting down and abandoning module SequenceRecorder (471)
[2017.09.14-20.16.16:590][490]LogModuleManager: Shutting down and abandoning module SmartSnapping (468)
[2017.09.14-20.16.16:590][490]LogModuleManager: Shutting down and abandoning module SessionServices (466)
[2017.09.14-20.16.16:590][490]LogModuleManager: Shutting down and abandoning module ViewportSnapping (464)
[2017.09.14-20.16.16:590][490]LogModuleManager: Shutting down and abandoning module ViewportInteraction (462)
[2017.09.14-20.16.16:590][490]LogModuleManager: Shutting down and abandoning module ClothPainter (460)
[2017.09.14-20.16.16:610][490]LogModuleManager: Shutting down and abandoning module LogVisualizer (458)
[2017.09.14-20.16.16:625][490]LogModuleManager: Shutting down and abandoning module IntroTutorials (456)
[2017.09.14-20.16.16:642][490]LogModuleManager: Shutting down and abandoning module GameProjectGeneration (455)
[2017.09.14-20.16.16:659][490]LogModuleManager: Shutting down and abandoning module IOSPlatformEditor (452)
[2017.09.14-20.16.16:659][490]LogModuleManager: Shutting down and abandoning module HTML5PlatformEditor (450)
[2017.09.14-20.16.16:659][490]LogModuleManager: Shutting down and abandoning module AndroidPlatformEditor (448)
[2017.09.14-20.16.16:659][490]LogModuleManager: Shutting down and abandoning module AndroidDeviceDetection (447)
[2017.09.14-20.16.17:322][490]LogModuleManager: Shutting down and abandoning module WindowsPlatformEditor (444)
[2017.09.14-20.16.17:322][490]LogModuleManager: Shutting down and abandoning module IOSRuntimeSettings (442)
[2017.09.14-20.16.17:322][490]LogModuleManager: Shutting down and abandoning module AndroidRuntimeSettings (440)
[2017.09.14-20.16.17:322][490]LogModuleManager: Shutting down and abandoning module InputBindingEditor (438)
[2017.09.14-20.16.17:332][490]LogModuleManager: Shutting down and abandoning module MergeActors (436)
[2017.09.14-20.16.17:354][490]LogModuleManager: Shutting down and abandoning module SizeMap (434)
[2017.09.14-20.16.17:354][490]LogModuleManager: Shutting down and abandoning module TreeMap (432)
[2017.09.14-20.16.17:367][490]LogModuleManager: Shutting down and abandoning module ReferenceViewer (430)
[2017.09.14-20.16.17:368][490]LogModuleManager: Shutting down and abandoning module LocalizationDashboard (428)
[2017.09.14-20.16.17:376][490]LogModuleManager: Shutting down and abandoning module LocalizationService (427)
[2017.09.14-20.16.17:392][490]LogModuleManager: Shutting down and abandoning module HardwareTargeting (424)
[2017.09.14-20.16.17:392][490]LogModuleManager: Shutting down and abandoning module DeviceProfileEditor (422)
[2017.09.14-20.16.17:401][490]LogModuleManager: Shutting down and abandoning module UndoHistory (420)
[2017.09.14-20.16.17:401][490]LogModuleManager: Shutting down and abandoning module XmlParser (418)
[2017.09.14-20.16.17:406][490]LogModuleManager: Shutting down and abandoning module Blutility (416)
[2017.09.14-20.16.17:406][490]LogModuleManager: Shutting down and abandoning module ProjectSettingsViewer (414)
[2017.09.14-20.16.17:406][490]LogModuleManager: Shutting down and abandoning module ProjectTargetPlatformEditor (413)
[2017.09.14-20.16.17:406][490]LogModuleManager: Shutting down and abandoning module EditorSettingsViewer (410)
[2017.09.14-20.16.17:406][490]LogModuleManager: Shutting down and abandoning module SettingsEditor (408)
[2017.09.14-20.16.17:428][490]LogModuleManager: Shutting down and abandoning module ProjectLauncher (406)
[2017.09.14-20.16.17:439][490]LogModuleManager: Shutting down and abandoning module SessionFrontend (404)
[2017.09.14-20.16.17:447][490]LogModuleManager: Shutting down and abandoning module ProfilerClient (402)
[2017.09.14-20.16.17:455][490]LogModuleManager: Shutting down and abandoning module DeviceManager (400)
[2017.09.14-20.16.17:474][490]LogModuleManager: Shutting down and abandoning module TargetDeviceServices (399)
[2017.09.14-20.16.17:539][490]LogModuleManager: Shutting down and abandoning module AutomationController (396)
[2017.09.14-20.16.17:545][490]LogModuleManager: Shutting down and abandoning module AutomationWindow (394)
[2017.09.14-20.16.17:572][490]LogModuleManager: Shutting down and abandoning module Layers (392)
[2017.09.14-20.16.17:588][490]LogModuleManager: Shutting down and abandoning module ComponentVisualizers (390)
[2017.09.14-20.16.17:588][490]LogModuleManager: Shutting down and abandoning module DetailCustomizations (388)
[2017.09.14-20.16.17:609][490]LogModuleManager: Shutting down and abandoning module PackagesDialog (386)
[2017.09.14-20.16.17:610][490]LogModuleManager: Shutting down and abandoning module Persona (384)
[2017.09.14-20.16.17:632][490]LogModuleManager: Shutting down and abandoning module AdvancedPreviewScene (383)
[2017.09.14-20.16.17:632][490]LogModuleManager: Shutting down and abandoning module AnimGraph (381)
[2017.09.14-20.16.17:640][490]LogModuleManager: Shutting down and abandoning module Kismet (378)
[2017.09.14-20.16.17:654][490]LogModuleManager: Shutting down and abandoning module ClassViewer (376)
[2017.09.14-20.16.17:654][490]LogModuleManager: Shutting down and abandoning module Toolbox (374)
[2017.09.14-20.16.17:654][490]LogModuleManager: Shutting down and abandoning module ModuleUI (372)
[2017.09.14-20.16.17:669][490]LogModuleManager: Shutting down and abandoning module MovieSceneTools (370)
[2017.09.14-20.16.17:690][490]LogModuleManager: Shutting down and abandoning module OutputLog (368)
[2017.09.14-20.16.17:706][490]LogModuleManager: Shutting down and abandoning module GammaUI (366)
[2017.09.14-20.16.17:719][490]LogModuleManager: Shutting down and abandoning module Documentation (364)
[2017.09.14-20.16.17:719][490]LogModuleManager: Shutting down and abandoning module MovieSceneTracks (362)
[2017.09.14-20.16.17:719][490]LogModuleManager: Shutting down and abandoning module MovieScene (360)
[2017.09.14-20.16.17:719][490]LogModuleManager: Shutting down and abandoning module Niagara (358)
[2017.09.14-20.16.17:719][490]LogModuleManager: Shutting down and abandoning module NiagaraEditor (357)
[2017.09.14-20.16.17:746][490]LogModuleManager: Shutting down and abandoning module StreamingPauseRendering (354)
[2017.09.14-20.16.17:746][490]LogModuleManager: Shutting down and abandoning module LauncherPlatform (352)
[2017.09.14-20.16.17:746][490]LogModuleManager: Shutting down and abandoning module AnalyticsET (350)
[2017.09.14-20.16.17:746][490]LogModuleManager: Shutting down and abandoning module PortalServices (348)
[2017.09.14-20.16.17:746][490]LogModuleManager: Shutting down and abandoning module PortalRpc (346)
[2017.09.14-20.16.17:746][490]LogModuleManager: Shutting down and abandoning module MessagingRpc (344)
[2017.09.14-20.16.17:746][490]LogModuleManager: Shutting down and abandoning module AIModule (342)
[2017.09.14-20.16.17:755][490]LogModuleManager: Shutting down and abandoning module GameplayDebugger (341)
[2017.09.14-20.16.17:756][490]LogModuleManager: Shutting down and abandoning module AITestSuite (339)
[2017.09.14-20.16.17:767][490]LogModuleManager: Shutting down and abandoning module ProfilerService (336)
[2017.09.14-20.16.17:775][490]LogModuleManager: Shutting down and abandoning module TaskGraph (334)
[2017.09.14-20.16.17:786][490]LogModuleManager: Shutting down and abandoning module SteamVRController (332)
[2017.09.14-20.16.17:786][490]LogModuleManager: Shutting down and abandoning module ProceduralMeshComponentEditor (330)
[2017.09.14-20.16.17:786][490]LogModuleManager: Shutting down and abandoning module ProceduralMeshComponent (328)
[2017.09.14-20.16.17:786][490]LogModuleManager: Shutting down and abandoning module OculusInput (326)
[2017.09.14-20.16.17:786][490]LogModuleManager: Shutting down and abandoning module MobilePatchingUtils (324)
[2017.09.14-20.16.17:786][490]LogModuleManager: Shutting down and abandoning module CustomMeshComponent (322)
[2017.09.14-20.16.17:786][490]LogModuleManager: Shutting down and abandoning module CableComponent (320)
[2017.09.14-20.16.17:786][490]LogModuleManager: Shutting down and abandoning module ArchVisCharacter (318)
[2017.09.14-20.16.17:786][490]LogModuleManager: Shutting down and abandoning module AndroidPermission (316)
[2017.09.14-20.16.17:786][490]LogModuleManager: Shutting down and abandoning module MediaPlayerEditor (312)
[2017.09.14-20.16.17:799][490]LogModuleManager: Shutting down and abandoning module HTML5Networking (310)
[2017.09.14-20.16.17:799][490]LogModuleManager: Shutting down and abandoning module AlembicImporter (308)
[2017.09.14-20.16.17:812][490]LogModuleManager: Shutting down and abandoning module AlembicLibrary (307)
[2017.09.14-20.16.17:812][490]LogModuleManager: Shutting down and abandoning module GeometryCache (306)
[2017.09.14-20.16.17:812][490]LogModuleManager: Shutting down and abandoning module GeometryCacheEd (305)
[2017.09.14-20.16.17:812][490]LogModuleManager: Shutting down and abandoning module SpeedTreeImporter (300)
[2017.09.14-20.16.17:812][490]LogModuleManager: Shutting down and abandoning module PluginBrowser (298)
[2017.09.14-20.16.17:829][490]LogModuleManager: Shutting down and abandoning module MobileLauncherProfileWizard (296)
[2017.09.14-20.16.17:851][490]LogModuleManager: Shutting down and abandoning module VisualStudioSourceCodeAccess (294)
[2017.09.14-20.16.17:851][490]LogModuleManager: Shutting down and abandoning module DesktopPlatform (293)
[2017.09.14-20.16.17:858][490]LogModuleManager: Shutting down and abandoning module UObjectPlugin (290)
[2017.09.14-20.16.17:858][490]LogModuleManager: Shutting down and abandoning module SubversionSourceControl (288)
[2017.09.14-20.16.17:867][490]LogModuleManager: Shutting down and abandoning module PerforceSourceControl (286)
[2017.09.14-20.16.17:879][490]LogModuleManager: Shutting down and abandoning module GitSourceControl (284)
[2017.09.14-20.16.17:887][490]LogModuleManager: Shutting down and abandoning module SourceControl (283)
[2017.09.14-20.16.17:898][490]LogModuleManager: Shutting down and abandoning module LightPropagationVolumeEditor (280)
[2017.09.14-20.16.17:899][490]LogModuleManager: Shutting down and abandoning module PaperTiledImporter (278)
[2017.09.14-20.16.17:899][490]LogModuleManager: Shutting down and abandoning module PaperSpriteSheetImporter (276)
[2017.09.14-20.16.17:899][490]LogModuleManager: Shutting down and abandoning module Paper2DEditor (274)
[2017.09.14-20.16.17:923][490]LogModuleManager: Shutting down and abandoning module MeshPaint (273)
[2017.09.14-20.16.17:934][490]LogModuleManager: Shutting down and abandoning module LevelEditor (271)
[2017.09.14-20.16.17:951][490]LogModuleManager: Shutting down and abandoning module PixelInspectorModule (270)
[2017.09.14-20.16.17:968][490]LogModuleManager: Shutting down and abandoning module MainFrame (268)
[2017.09.14-20.16.17:968][490]LogModuleManager: Shutting down and abandoning module HotReload (267)
[2017.09.14-20.16.17:978][490]LogDirectoryWatcher: A directory notification for 'C:/Users/Sawyer/Desktop/supercoolawesomegameever/MyProject/Binaries/Win64' was aborted.
[2017.09.14-20.16.17:979][490]LogModuleManager: Shutting down and abandoning module MyProject (262)
[2017.09.14-20.16.17:979][490]LogModuleManager: Shutting down and abandoning module RuntimePhysXCooking (260)
[2017.09.14-20.16.17:979][490]LogModuleManager: Shutting down and abandoning module PhysXVehiclesEditor (258)
[2017.09.14-20.16.17:979][490]LogModuleManager: Shutting down and abandoning module PhysXVehicles (256)
[2017.09.14-20.16.17:979][490]LogModuleManager: Shutting down and abandoning module OculusEditor (254)
[2017.09.14-20.16.17:979][490]LogModuleManager: Shutting down and abandoning module LocationServicesBPLibrary (252)
[2017.09.14-20.16.17:979][490]LogModuleManager: Shutting down and abandoning module ImmediatePhysicsEditor (250)
[2017.09.14-20.16.17:979][490]LogModuleManager: Shutting down and abandoning module ImmediatePhysics (248)
[2017.09.14-20.16.17:989][490]LogModuleManager: Shutting down and abandoning module UdpMessaging (246)
[2017.09.14-20.16.18:091][490]LogModuleManager: Shutting down and abandoning module TcpMessaging (244)
[2017.09.14-20.16.18:216][490]LogModuleManager: Shutting down and abandoning module GameplayTagsEditor (242)
[2017.09.14-20.16.18:270][490]LogModuleManager: Shutting down and abandoning module FacialAnimationEditor (240)
[2017.09.14-20.16.18:270][490]LogModuleManager: Shutting down and abandoning module FacialAnimation (238)
[2017.09.14-20.16.18:270][490]LogModuleManager: Shutting down and abandoning module AssetManagerEditor (236)
[2017.09.14-20.16.18:277][490]LogModuleManager: Shutting down and abandoning module GraphEditor (235)
[2017.09.14-20.16.18:344][490]LogModuleManager: Shutting down and abandoning module ContentBrowser (233)
[2017.09.14-20.16.18:344][490]LogModuleManager: Shutting down and abandoning module LightPropagationVolumeRuntime (230)
[2017.09.14-20.16.18:344][490]LogModuleManager: Shutting down and abandoning module Paper2D (228)
[2017.09.14-20.16.18:359][490]LogModuleManager: Shutting down and abandoning module WindowsMoviePlayer (226)
[2017.09.14-20.16.18:359][490]LogModuleManager: Shutting down and abandoning module WmfMedia (224)
[2017.09.14-20.16.18:359][490]LogModuleManager: Shutting down and abandoning module PacketHandler (222)
[2017.09.14-20.16.18:359][490]LogModuleManager: Shutting down and abandoning module ClothingSystemEditor (220)
[2017.09.14-20.16.18:359][490]LogModuleManager: Shutting down and abandoning module ClothingSystemRuntime (218)
[2017.09.14-20.16.18:378][490]LogModuleManager: Shutting down and abandoning module Overlay (216)
[2017.09.14-20.16.18:378][490]LogModuleManager: Shutting down and abandoning module OverlayEditor (215)
[2017.09.14-20.16.18:378][490]LogModuleManager: Shutting down and abandoning module MediaAssets (212)
[2017.09.14-20.16.18:378][490]LogModuleManager: Shutting down and abandoning module VREditor (210)
[2017.09.14-20.16.18:391][490]LogModuleManager: Shutting down and abandoning module StringTableEditor (208)
[2017.09.14-20.16.18:400][490]LogModuleManager: Shutting down and abandoning module GameplayTasksEditor (206)
[2017.09.14-20.16.18:400][490]LogModuleManager: Shutting down and abandoning module BehaviorTreeEditor (204)
[2017.09.14-20.16.18:423][490]LogModuleManager: Shutting down and abandoning module FunctionalTesting (202)
[2017.09.14-20.16.18:423][490]LogModuleManager: Shutting down and abandoning module CollisionAnalyzer (200)
[2017.09.14-20.16.18:468][490]LogModuleManager: Shutting down and abandoning module WorkspaceMenuStructure (199)
[2017.09.14-20.16.18:468][490]LogModuleManager: Shutting down and abandoning module UMG (196)
[2017.09.14-20.16.18:489][490]LogModuleManager: Shutting down and abandoning module UMGEditor (195)
[2017.09.14-20.16.18:519][490]LogModuleManager: Shutting down and abandoning module Sequencer (194)
[2017.09.14-20.16.18:525][490]LogModuleManager: Shutting down and abandoning module MessageLog (191)
[2017.09.14-20.16.18:526][490]LogModuleManager: Shutting down and abandoning module SlateReflector (186)
[2017.09.14-20.16.18:555][490]LogModuleManager: Shutting down and abandoning module Slate (184)
[2017.09.14-20.16.18:555][490]LogModuleManager: Shutting down and abandoning module EditorStyle (182)
[2017.09.14-20.16.18:557][490]LogModuleManager: Shutting down and abandoning module MRMesh (180)
[2017.09.14-20.16.18:557][490]LogModuleManager: Shutting down and abandoning module SourceCodeAccess (178)
[2017.09.14-20.16.18:557][490]LogModuleManager: Shutting down and abandoning module HeadMountedDisplay (176)
[2017.09.14-20.16.18:557][490]LogModuleManager: Shutting down and abandoning module XAudio2 (174)
[2017.09.14-20.16.18:557][490]LogModuleManager: Shutting down and abandoning module Networking (172)
[2017.09.14-20.16.18:557][490]LogModuleManager: Shutting down and abandoning module Core (168)
[2017.09.14-20.16.18:557][490]LogModuleManager: Shutting down and abandoning module KismetCompiler (164)
[2017.09.14-20.16.18:557][490]LogModuleManager: Shutting down and abandoning module LevelSequence (162)
[2017.09.14-20.16.18:557][490]LogModuleManager: Shutting down and abandoning module MeshUtilities (160)
[2017.09.14-20.16.18:577][490]LogModuleManager: Shutting down and abandoning module MeshMergeUtilities (159)
[2017.09.14-20.16.18:595][490]LogModuleManager: Shutting down and abandoning module MeshReductionInterface (158)
[2017.09.14-20.16.18:595][490]LogModuleManager: Shutting down and abandoning module SimplygonSwarm (157)
[2017.09.14-20.16.18:612][490]LogModuleManager: Shutting down and abandoning module SimplygonMeshReduction (155)
[2017.09.14-20.16.18:612][490]LogModuleManager: Shutting down and abandoning module QuadricMeshReduction (153)
[2017.09.14-20.16.18:619][490]LogModuleManager: Shutting down and abandoning module MaterialBaking (149)
[2017.09.14-20.16.18:625][490]LogModuleManager: Shutting down and abandoning module DirectoryWatcher (146)
[2017.09.14-20.16.18:626][490]LogModuleManager: Shutting down and abandoning module DerivedDataCache (144)
[2017.09.14-20.16.18:700][490]LogDerivedDataCache: Shutdown
[2017.09.14-20.16.18:715][490]LogModuleManager: Shutting down and abandoning module TargetPlatform (142)
[2017.09.14-20.16.18:715][490]LogModuleManager: Shutting down and abandoning module VulkanShaderFormat (141)
[2017.09.14-20.16.18:737][490]LogModuleManager: Shutting down and abandoning module ShaderFormatVectorVM (139)
[2017.09.14-20.16.18:749][490]LogModuleManager: Shutting down and abandoning module ShaderFormatOpenGL (137)
[2017.09.14-20.16.18:753][490]LogModuleManager: Shutting down and abandoning module ShaderFormatD3D (135)
[2017.09.14-20.16.18:753][490]LogModuleManager: Shutting down and abandoning module MetalShaderFormat (133)
[2017.09.14-20.16.18:760][490]LogModuleManager: Shutting down and abandoning module TextureFormatUncompressed (131)
[2017.09.14-20.16.18:760][490]LogModuleManager: Shutting down and abandoning module TextureFormatPVR (129)
[2017.09.14-20.16.18:760][490]LogModuleManager: Shutting down and abandoning module TextureFormatDXT (127)
[2017.09.14-20.16.18:760][490]LogModuleManager: Shutting down and abandoning module TextureFormatIntelISPCTexComp (125)
[2017.09.14-20.16.18:760][490]LogModuleManager: Shutting down and abandoning module TextureFormatASTC (123)
[2017.09.14-20.16.18:760][490]LogModuleManager: Shutting down and abandoning module ImageWrapper (122)
[2017.09.14-20.16.18:760][490]LogModuleManager: Shutting down and abandoning module TextureFormatAndroid (119)
[2017.09.14-20.16.18:760][490]LogModuleManager: Shutting down and abandoning module AudioFormatOpus (117)
[2017.09.14-20.16.18:760][490]LogModuleManager: Shutting down and abandoning module AudioFormatOgg (115)
[2017.09.14-20.16.18:760][490]LogModuleManager: Shutting down and abandoning module AudioFormatADPCM (113)
[2017.09.14-20.16.18:760][490]LogModuleManager: Shutting down and abandoning module LinuxTargetPlatform (111)
[2017.09.14-20.16.18:760][490]LogModuleManager: Shutting down and abandoning module LinuxServerTargetPlatform (109)
[2017.09.14-20.16.18:760][490]LogModuleManager: Shutting down and abandoning module LinuxNoEditorTargetPlatform (107)
[2017.09.14-20.16.18:760][490]LogModuleManager: Shutting down and abandoning module LinuxClientTargetPlatform (105)
[2017.09.14-20.16.18:760][490]LogModuleManager: Shutting down and abandoning module TVOSTargetPlatform (103)
[2017.09.14-20.16.18:760][490]LogModuleManager: Shutting down and abandoning module Messaging (101)
[2017.09.14-20.16.18:760][490]LogModuleManager: Shutting down and abandoning module IOSTargetPlatform (99)
[2017.09.14-20.16.18:760][490]LogModuleManager: Shutting down and abandoning module HTML5TargetPlatform (97)
[2017.09.14-20.16.18:760][490]LogModuleManager: Shutting down and abandoning module Android_PVRTCTargetPlatform (95)
[2017.09.14-20.16.18:760][490]LogModuleManager: Shutting down and abandoning module Android_MultiTargetPlatform (93)
[2017.09.14-20.16.18:760][490]LogModuleManager: Shutting down and abandoning module Android_ETC2TargetPlatform (91)
[2017.09.14-20.16.18:760][490]LogModuleManager: Shutting down and abandoning module Android_ETC1TargetPlatform (89)
[2017.09.14-20.16.18:760][490]LogModuleManager: Shutting down and abandoning module Android_DXTTargetPlatform (87)
[2017.09.14-20.16.18:760][490]LogModuleManager: Shutting down and abandoning module Android_ATCTargetPlatform (85)
[2017.09.14-20.16.18:760][490]LogModuleManager: Shutting down and abandoning module Android_ASTCTargetPlatform (83)
[2017.09.14-20.16.18:760][490]LogModuleManager: Shutting down and abandoning module AndroidTargetPlatform (81)
[2017.09.14-20.16.18:760][490]LogModuleManager: Shutting down and abandoning module WindowsTargetPlatform (79)
[2017.09.14-20.16.18:760][490]LogModuleManager: Shutting down and abandoning module WindowsServerTargetPlatform (77)
[2017.09.14-20.16.18:760][490]LogModuleManager: Shutting down and abandoning module WindowsNoEditorTargetPlatform (75)
[2017.09.14-20.16.18:760][490]LogModuleManager: Shutting down and abandoning module WindowsClientTargetPlatform (73)
[2017.09.14-20.16.18:760][490]LogModuleManager: Shutting down and abandoning module MacTargetPlatform (71)
[2017.09.14-20.16.18:760][490]LogModuleManager: Shutting down and abandoning module MacServerTargetPlatform (69)
[2017.09.14-20.16.18:760][490]LogModuleManager: Shutting down and abandoning module MacNoEditorTargetPlatform (67)
[2017.09.14-20.16.18:760][490]LogModuleManager: Shutting down and abandoning module MacClientTargetPlatform (65)
[2017.09.14-20.16.18:760][490]LogModuleManager: Shutting down and abandoning module AllDesktopTargetPlatform (63)
[2017.09.14-20.16.18:760][490]LogModuleManager: Shutting down and abandoning module InputCore (60)
[2017.09.14-20.16.18:761][490]LogModuleManager: Shutting down and abandoning module Settings (58)
[2017.09.14-20.16.18:761][490]LogModuleManager: Shutting down and abandoning module PhysXCooking (56)
[2017.09.14-20.16.18:761][490]LogModuleManager: Shutting down and abandoning module SteamVR (54)
[2017.09.14-20.16.18:761][490]LogModuleManager: Shutting down and abandoning module OculusHMD (52)
[2017.09.14-20.16.18:770][490]LogModuleManager: Shutting down and abandoning module ExampleDeviceProfileSelector (50)
[2017.09.14-20.16.18:770][490]LogModuleManager: Shutting down and abandoning module OnlineBlueprintSupport (48)
[2017.09.14-20.16.18:770][490]LogModuleManager: Shutting down and abandoning module OnlineSubsystem (44)
[2017.09.14-20.16.18:770][490]LogOnline: Display: Unloading online subsystem: NULL
[2017.09.14-20.16.18:780][490]LogModuleManager: Shutting down and abandoning module XMPP (43)
[2017.09.14-20.16.18:790][490]LogModuleManager: Shutting down and abandoning module HTTP (41)
[2017.09.14-20.16.18:790][490]LogHttp: Display: Http module shutting down, but needs to wait on 1 outstanding Http requests:
[2017.09.14-20.16.18:795][490]LogHttp: Display: 	verb=[POST] url=[https://datarouter.ol.epicgames.com/datarouter/api/v1/public/data?SessionID=%7B5A2C6020-4DB6-1E4A-0743-61978FC22DA9%7D&AppID=UEEditor.Rocket.Release&AppVersion=4.17.1-3586342%2B%2B%2BUE4%2BRelease-4.17&UserID=ad57c17540f9596880ea5dbc6f3a5d1f%7C6ebe39cd3b6e4b3a80431b01e749e717%7C31d52242-bad1-45cd-a00b-3ad427852f3c&AppEnvironment=datacollector-binary&UploadType=eteventstream] status=Processing
[2017.09.14-20.16.18:821][490]LogModuleManager: Shutting down and abandoning module SSL (40)
[2017.09.14-20.16.18:828][490]LogModuleManager: Shutting down and abandoning module AnimationModifiers (36)
[2017.09.14-20.16.18:834][490]LogModuleManager: Shutting down and abandoning module PropertyEditor (35)
[2017.09.14-20.16.18:834][490]LogModuleManager: Shutting down and abandoning module AudioEditor (32)
[2017.09.14-20.16.18:847][490]LogModuleManager: Shutting down and abandoning module TextureCompressor (30)
[2017.09.14-20.16.18:847][490]LogModuleManager: Shutting down and abandoning module ShaderCore (28)
[2017.09.14-20.16.18:847][490]LogModuleManager: Shutting down and abandoning module Landscape (26)
[2017.09.14-20.16.18:848][490]LogModuleManager: Shutting down and abandoning module SlateRHIRenderer (24)
[2017.09.14-20.16.18:853][490]LogModuleManager: Shutting down and abandoning module OpenGLDrv (22)
[2017.09.14-20.16.18:856][490]LogModuleManager: Shutting down and abandoning module D3D11RHI (20)
[2017.09.14-20.16.18:856][490]LogModuleManager: Shutting down and abandoning module AnimGraphRuntime (18)
[2017.09.14-20.16.18:865][490]LogModuleManager: Shutting down and abandoning module Renderer (16)
[2017.09.14-20.16.18:865][490]LogModuleManager: Shutting down and abandoning module Engine (14)
[2017.09.14-20.16.18:865][490]LogModuleManager: Shutting down and abandoning module CoreUObject (12)
[2017.09.14-20.16.18:865][490]LogModuleManager: Shutting down and abandoning module NetworkFile (10)
[2017.09.14-20.16.18:865][490]LogModuleManager: Shutting down and abandoning module CookedIterativeFile (8)
[2017.09.14-20.16.18:865][490]LogModuleManager: Shutting down and abandoning module StreamingFile (6)
[2017.09.14-20.16.18:865][490]LogModuleManager: Shutting down and abandoning module SandboxFile (4)
[2017.09.14-20.16.18:865][490]LogModuleManager: Shutting down and abandoning module PakFile (2)
[2017.09.14-20.16.18:884][490]LogExit: Exiting.
[2017.09.14-20.16.18:895][490]Log file closed, 09/14/17 13:16:18
